{"C:\\Users\\ZGMF_\\Documents\\cursos\\ebac\\pokememory-game\\src\\App.jsx": {"path":"C:\\Users\\ZGMF_\\Documents\\cursos\\ebac\\pokememory-game\\src\\App.jsx","statementMap":{"0":{"start":{"line":9,"column":19},"end":{"line":9,"column":32}},"1":{"start":{"line":10,"column":22},"end":{"line":10,"column":47}},"2":{"start":{"line":12,"column":2},"end":{"line":22,"column":3}}},"fnMap":{"0":{"name":"App","decl":{"start":{"line":8,"column":9},"end":{"line":8,"column":12}},"loc":{"start":{"line":8,"column":15},"end":{"line":23,"column":1}},"line":8}},"branchMap":{"0":{"loc":{"start":{"line":14,"column":7},"end":{"line":14,"column":33}},"type":"binary-expr","locations":[{"start":{"line":14,"column":7},"end":{"line":14,"column":19}},{"start":{"line":14,"column":23},"end":{"line":14,"column":33}}],"line":14}},"s":{"0":0,"1":0,"2":0},"f":{"0":0},"b":{"0":[0,0]}}
,"C:\\Users\\ZGMF_\\Documents\\cursos\\ebac\\pokememory-game\\src\\test-utils.jsx": {"path":"C:\\Users\\ZGMF_\\Documents\\cursos\\ebac\\pokememory-game\\src\\test-utils.jsx","statementMap":{"0":{"start":{"line":11,"column":2},"end":{"line":18,"column":5}},"1":{"start":{"line":31,"column":4},"end":{"line":37,"column":6}},"2":{"start":{"line":39,"column":2},"end":{"line":39,"column":74}}},"fnMap":{"0":{"name":"createTestStore","decl":{"start":{"line":10,"column":16},"end":{"line":10,"column":31}},"loc":{"start":{"line":10,"column":53},"end":{"line":19,"column":1}},"line":10},"1":{"name":"renderWithProviders","decl":{"start":{"line":22,"column":16},"end":{"line":22,"column":35}},"loc":{"start":{"line":29,"column":2},"end":{"line":40,"column":1}},"line":29},"2":{"name":"Wrapper","decl":{"start":{"line":30,"column":11},"end":{"line":30,"column":18}},"loc":{"start":{"line":30,"column":33},"end":{"line":38,"column":3}},"line":30}},"branchMap":{"0":{"loc":{"start":{"line":10,"column":32},"end":{"line":10,"column":51}},"type":"default-arg","locations":[{"start":{"line":10,"column":49},"end":{"line":10,"column":51}}],"line":10},"1":{"loc":{"start":{"line":24,"column":2},"end":{"line":28,"column":8}},"type":"default-arg","locations":[{"start":{"line":28,"column":6},"end":{"line":28,"column":8}}],"line":24},"2":{"loc":{"start":{"line":25,"column":4},"end":{"line":25,"column":23}},"type":"default-arg","locations":[{"start":{"line":25,"column":21},"end":{"line":25,"column":23}}],"line":25},"3":{"loc":{"start":{"line":26,"column":4},"end":{"line":26,"column":43}},"type":"default-arg","locations":[{"start":{"line":26,"column":12},"end":{"line":26,"column":43}}],"line":26}},"s":{"0":30,"1":30,"2":30},"f":{"0":30,"1":30,"2":30},"b":{"0":[0],"1":[22],"2":[22],"3":[30]},"_coverageSchema":"1a1c01bbd47fc00a2c39e90264f33305004495a9","hash":"3f5aa3468b44b08b305c2c5764fc70c6e08b607d"}
,"C:\\Users\\ZGMF_\\Documents\\cursos\\ebac\\pokememory-game\\src\\components\\Card\\Card.jsx": {"path":"C:\\Users\\ZGMF_\\Documents\\cursos\\ebac\\pokememory-game\\src\\components\\Card\\Card.jsx","statementMap":{"0":{"start":{"line":3,"column":13},"end":{"line":44,"column":1}},"1":{"start":{"line":4,"column":2},"end":{"line":43,"column":4}}},"fnMap":{"0":{"name":"(anonymous_0)","decl":{"start":{"line":3,"column":13},"end":{"line":3,"column":14}},"loc":{"start":{"line":3,"column":61},"end":{"line":44,"column":1}},"line":3}},"branchMap":{"0":{"loc":{"start":{"line":6,"column":35},"end":{"line":6,"column":66}},"type":"cond-expr","locations":[{"start":{"line":6,"column":47},"end":{"line":6,"column":61}},{"start":{"line":6,"column":64},"end":{"line":6,"column":66}}],"line":6},"1":{"loc":{"start":{"line":6,"column":70},"end":{"line":6,"column":101}},"type":"cond-expr","locations":[{"start":{"line":6,"column":82},"end":{"line":6,"column":96}},{"start":{"line":6,"column":99},"end":{"line":6,"column":101}}],"line":6},"2":{"loc":{"start":{"line":10,"column":30},"end":{"line":10,"column":56}},"type":"binary-expr","locations":[{"start":{"line":10,"column":30},"end":{"line":10,"column":43}},{"start":{"line":10,"column":47},"end":{"line":10,"column":56}}],"line":10},"3":{"loc":{"start":{"line":27,"column":13},"end":{"line":35,"column":13}},"type":"cond-expr","locations":[{"start":{"line":28,"column":14},"end":{"line":32,"column":16}},{"start":{"line":34,"column":14},"end":{"line":34,"column":57}}],"line":27},"4":{"loc":{"start":{"line":36,"column":13},"end":{"line":38,"column":13}},"type":"binary-expr","locations":[{"start":{"line":36,"column":13},"end":{"line":36,"column":26}},{"start":{"line":37,"column":14},"end":{"line":37,"column":68}}],"line":36}},"s":{"0":2,"1":120},"f":{"0":120},"b":{"0":[1,119],"1":[1,119],"2":[120,1],"3":[118,2],"4":[120,119]},"_coverageSchema":"1a1c01bbd47fc00a2c39e90264f33305004495a9","hash":"beed08f1657c00bc3384b0ee18aa40d88e59c81a"}
,"C:\\Users\\ZGMF_\\Documents\\cursos\\ebac\\pokememory-game\\src\\components\\GameBoard\\GameBoard.jsx": {"path":"C:\\Users\\ZGMF_\\Documents\\cursos\\ebac\\pokememory-game\\src\\components\\GameBoard\\GameBoard.jsx","statementMap":{"0":{"start":{"line":4,"column":18},"end":{"line":26,"column":1}},"1":{"start":{"line":5,"column":26},"end":{"line":9,"column":3}},"2":{"start":{"line":6,"column":4},"end":{"line":8,"column":5}},"3":{"start":{"line":7,"column":6},"end":{"line":7,"column":22}},"4":{"start":{"line":11,"column":2},"end":{"line":25,"column":4}},"5":{"start":{"line":15,"column":10},"end":{"line":21,"column":12}},"6":{"start":{"line":20,"column":27},"end":{"line":20,"column":51}}},"fnMap":{"0":{"name":"(anonymous_0)","decl":{"start":{"line":4,"column":18},"end":{"line":4,"column":19}},"loc":{"start":{"line":4,"column":51},"end":{"line":26,"column":1}},"line":4},"1":{"name":"(anonymous_1)","decl":{"start":{"line":5,"column":26},"end":{"line":5,"column":27}},"loc":{"start":{"line":5,"column":34},"end":{"line":9,"column":3}},"line":5},"2":{"name":"(anonymous_2)","decl":{"start":{"line":14,"column":19},"end":{"line":14,"column":20}},"loc":{"start":{"line":15,"column":10},"end":{"line":21,"column":12}},"line":15},"3":{"name":"(anonymous_3)","decl":{"start":{"line":20,"column":21},"end":{"line":20,"column":22}},"loc":{"start":{"line":20,"column":27},"end":{"line":20,"column":51}},"line":20}},"branchMap":{"0":{"loc":{"start":{"line":4,"column":21},"end":{"line":4,"column":31}},"type":"default-arg","locations":[{"start":{"line":4,"column":29},"end":{"line":4,"column":31}}],"line":4},"1":{"loc":{"start":{"line":6,"column":4},"end":{"line":8,"column":5}},"type":"if","locations":[{"start":{"line":6,"column":4},"end":{"line":8,"column":5}},{"start":{},"end":{}}],"line":6}},"s":{"0":2,"1":20,"2":4,"3":3,"4":20,"5":144,"6":4},"f":{"0":20,"1":4,"2":144,"3":4},"b":{"0":[2],"1":[3,1]},"_coverageSchema":"1a1c01bbd47fc00a2c39e90264f33305004495a9","hash":"a0158f3c10af5f887a8cff215262a900ce54ebbb"}
,"C:\\Users\\ZGMF_\\Documents\\cursos\\ebac\\pokememory-game\\src\\components\\GameInfo\\GameInfo.jsx": {"path":"C:\\Users\\ZGMF_\\Documents\\cursos\\ebac\\pokememory-game\\src\\components\\GameInfo\\GameInfo.jsx","statementMap":{"0":{"start":{"line":4,"column":17},"end":{"line":23,"column":1}},"1":{"start":{"line":5,"column":2},"end":{"line":22,"column":4}}},"fnMap":{"0":{"name":"(anonymous_0)","decl":{"start":{"line":4,"column":17},"end":{"line":4,"column":18}},"loc":{"start":{"line":4,"column":52},"end":{"line":23,"column":1}},"line":4}},"branchMap":{"0":{"loc":{"start":{"line":4,"column":20},"end":{"line":4,"column":34}},"type":"default-arg","locations":[{"start":{"line":4,"column":27},"end":{"line":4,"column":34}}],"line":4},"1":{"loc":{"start":{"line":4,"column":36},"end":{"line":4,"column":45}},"type":"default-arg","locations":[{"start":{"line":4,"column":44},"end":{"line":4,"column":45}}],"line":4}},"s":{"0":2,"1":17},"f":{"0":17},"b":{"0":[6],"1":[6]},"_coverageSchema":"1a1c01bbd47fc00a2c39e90264f33305004495a9","hash":"5c9bbd4a8e8ed4656990bc5ca09270c86b565161"}
,"C:\\Users\\ZGMF_\\Documents\\cursos\\ebac\\pokememory-game\\src\\components\\GameOptions\\GameOptions.jsx": {"path":"C:\\Users\\ZGMF_\\Documents\\cursos\\ebac\\pokememory-game\\src\\components\\GameOptions\\GameOptions.jsx","statementMap":{"0":{"start":{"line":5,"column":20},"end":{"line":70,"column":1}},"1":{"start":{"line":6,"column":19},"end":{"line":6,"column":32}},"2":{"start":{"line":7,"column":22},"end":{"line":35,"column":3}},"3":{"start":{"line":37,"column":2},"end":{"line":69,"column":4}},"4":{"start":{"line":42,"column":32},"end":{"line":42,"column":43}},"5":{"start":{"line":43,"column":10},"end":{"line":65,"column":12}},"6":{"start":{"line":60,"column":31},"end":{"line":60,"column":52}}},"fnMap":{"0":{"name":"(anonymous_0)","decl":{"start":{"line":5,"column":20},"end":{"line":5,"column":21}},"loc":{"start":{"line":5,"column":26},"end":{"line":70,"column":1}},"line":5},"1":{"name":"(anonymous_1)","decl":{"start":{"line":41,"column":25},"end":{"line":41,"column":26}},"loc":{"start":{"line":41,"column":37},"end":{"line":66,"column":9}},"line":41},"2":{"name":"(anonymous_2)","decl":{"start":{"line":60,"column":25},"end":{"line":60,"column":26}},"loc":{"start":{"line":60,"column":31},"end":{"line":60,"column":52}},"line":60}},"branchMap":{},"s":{"0":1,"1":15,"2":15,"3":15,"4":45,"5":45,"6":3},"f":{"0":15,"1":45,"2":3},"b":{},"_coverageSchema":"1a1c01bbd47fc00a2c39e90264f33305004495a9","hash":"7c6e0dd29047f6da21757cbf5f65b27e0ba3e51b"}
,"C:\\Users\\ZGMF_\\Documents\\cursos\\ebac\\pokememory-game\\src\\components\\Header\\Header.jsx": {"path":"C:\\Users\\ZGMF_\\Documents\\cursos\\ebac\\pokememory-game\\src\\components\\Header\\Header.jsx","statementMap":{"0":{"start":{"line":5,"column":15},"end":{"line":44,"column":1}},"1":{"start":{"line":6,"column":19},"end":{"line":6,"column":32}},"2":{"start":{"line":7,"column":19},"end":{"line":7,"column":32}},"3":{"start":{"line":8,"column":17},"end":{"line":8,"column":42}},"4":{"start":{"line":10,"column":2},"end":{"line":43,"column":4}},"5":{"start":{"line":17,"column":29},"end":{"line":17,"column":42}}},"fnMap":{"0":{"name":"(anonymous_0)","decl":{"start":{"line":5,"column":15},"end":{"line":5,"column":16}},"loc":{"start":{"line":5,"column":21},"end":{"line":44,"column":1}},"line":5},"1":{"name":"(anonymous_1)","decl":{"start":{"line":17,"column":23},"end":{"line":17,"column":24}},"loc":{"start":{"line":17,"column":29},"end":{"line":17,"column":42}},"line":17}},"branchMap":{"0":{"loc":{"start":{"line":14,"column":11},"end":{"line":23,"column":11}},"type":"binary-expr","locations":[{"start":{"line":14,"column":11},"end":{"line":14,"column":18}},{"start":{"line":15,"column":12},"end":{"line":22,"column":21}}],"line":14}},"s":{"0":1,"1":19,"2":19,"3":19,"4":19,"5":2},"f":{"0":19,"1":2},"b":{"0":[19,9]},"_coverageSchema":"1a1c01bbd47fc00a2c39e90264f33305004495a9","hash":"8393480333153cded9afd6ee80688a6001d93ee3"}
,"C:\\Users\\ZGMF_\\Documents\\cursos\\ebac\\pokememory-game\\src\\components\\MemoryGame\\MemoryGame.jsx": {"path":"C:\\Users\\ZGMF_\\Documents\\cursos\\ebac\\pokememory-game\\src\\components\\MemoryGame\\MemoryGame.jsx","statementMap":{"0":{"start":{"line":18,"column":19},"end":{"line":319,"column":1}},"1":{"start":{"line":19,"column":19},"end":{"line":19,"column":32}},"2":{"start":{"line":20,"column":19},"end":{"line":20,"column":32}},"3":{"start":{"line":23,"column":47},"end":{"line":25,"column":3}},"4":{"start":{"line":24,"column":15},"end":{"line":24,"column":31}},"5":{"start":{"line":28,"column":28},"end":{"line":28,"column":40}},"6":{"start":{"line":29,"column":42},"end":{"line":29,"column":54}},"7":{"start":{"line":30,"column":42},"end":{"line":30,"column":54}},"8":{"start":{"line":31,"column":36},"end":{"line":31,"column":51}},"9":{"start":{"line":32,"column":36},"end":{"line":32,"column":50}},"10":{"start":{"line":33,"column":32},"end":{"line":33,"column":47}},"11":{"start":{"line":34,"column":42},"end":{"line":34,"column":57}},"12":{"start":{"line":37,"column":21},"end":{"line":41,"column":3}},"13":{"start":{"line":38,"column":17},"end":{"line":38,"column":41}},"14":{"start":{"line":39,"column":17},"end":{"line":39,"column":29}},"15":{"start":{"line":40,"column":4},"end":{"line":40,"column":85}},"16":{"start":{"line":44,"column":2},"end":{"line":52,"column":37}},"17":{"start":{"line":46,"column":4},"end":{"line":50,"column":5}},"18":{"start":{"line":47,"column":6},"end":{"line":49,"column":15}},"19":{"start":{"line":48,"column":8},"end":{"line":48,"column":34}},"20":{"start":{"line":51,"column":4},"end":{"line":51,"column":41}},"21":{"start":{"line":51,"column":17},"end":{"line":51,"column":40}},"22":{"start":{"line":55,"column":28},"end":{"line":98,"column":3}},"23":{"start":{"line":56,"column":4},"end":{"line":56,"column":23}},"24":{"start":{"line":57,"column":4},"end":{"line":97,"column":5}},"25":{"start":{"line":58,"column":28},"end":{"line":58,"column":29}},"26":{"start":{"line":59,"column":30},"end":{"line":59,"column":32}},"27":{"start":{"line":60,"column":22},"end":{"line":60,"column":31}},"28":{"start":{"line":63,"column":6},"end":{"line":71,"column":7}},"29":{"start":{"line":64,"column":25},"end":{"line":64,"column":60}},"30":{"start":{"line":65,"column":8},"end":{"line":70,"column":9}},"31":{"start":{"line":66,"column":10},"end":{"line":66,"column":32}},"32":{"start":{"line":67,"column":10},"end":{"line":69,"column":12}},"33":{"start":{"line":73,"column":24},"end":{"line":73,"column":58}},"34":{"start":{"line":76,"column":27},"end":{"line":88,"column":8}},"35":{"start":{"line":77,"column":24},"end":{"line":81,"column":9}},"36":{"start":{"line":84,"column":8},"end":{"line":87,"column":10}},"37":{"start":{"line":91,"column":28},"end":{"line":91,"column":72}},"38":{"start":{"line":91,"column":52},"end":{"line":91,"column":71}},"39":{"start":{"line":92,"column":6},"end":{"line":92,"column":30}},"40":{"start":{"line":93,"column":6},"end":{"line":93,"column":26}},"41":{"start":{"line":95,"column":6},"end":{"line":95,"column":55}},"42":{"start":{"line":96,"column":6},"end":{"line":96,"column":26}},"43":{"start":{"line":101,"column":26},"end":{"line":129,"column":57}},"44":{"start":{"line":103,"column":4},"end":{"line":103,"column":53}},"45":{"start":{"line":103,"column":46},"end":{"line":103,"column":53}},"46":{"start":{"line":106,"column":17},"end":{"line":106,"column":51}},"47":{"start":{"line":106,"column":35},"end":{"line":106,"column":50}},"48":{"start":{"line":107,"column":4},"end":{"line":107,"column":73}},"49":{"start":{"line":107,"column":66},"end":{"line":107,"column":73}},"50":{"start":{"line":110,"column":4},"end":{"line":112,"column":5}},"51":{"start":{"line":111,"column":6},"end":{"line":111,"column":25}},"52":{"start":{"line":115,"column":4},"end":{"line":119,"column":6}},"53":{"start":{"line":116,"column":6},"end":{"line":118,"column":7}},"54":{"start":{"line":117,"column":8},"end":{"line":117,"column":55}},"55":{"start":{"line":121,"column":28},"end":{"line":121,"column":53}},"56":{"start":{"line":122,"column":4},"end":{"line":122,"column":37}},"57":{"start":{"line":125,"column":4},"end":{"line":128,"column":5}},"58":{"start":{"line":126,"column":6},"end":{"line":126,"column":33}},"59":{"start":{"line":127,"column":6},"end":{"line":127,"column":37}},"60":{"start":{"line":132,"column":24},"end":{"line":163,"column":3}},"61":{"start":{"line":133,"column":32},"end":{"line":133,"column":42}},"62":{"start":{"line":134,"column":22},"end":{"line":134,"column":57}},"63":{"start":{"line":134,"column":40},"end":{"line":134,"column":56}},"64":{"start":{"line":135,"column":23},"end":{"line":135,"column":59}},"65":{"start":{"line":135,"column":41},"end":{"line":135,"column":58}},"66":{"start":{"line":137,"column":4},"end":{"line":162,"column":5}},"67":{"start":{"line":139,"column":6},"end":{"line":149,"column":14}},"68":{"start":{"line":140,"column":8},"end":{"line":146,"column":10}},"69":{"start":{"line":141,"column":10},"end":{"line":145,"column":11}},"70":{"start":{"line":142,"column":12},"end":{"line":144,"column":17}},"71":{"start":{"line":147,"column":8},"end":{"line":147,"column":64}},"72":{"start":{"line":147,"column":34},"end":{"line":147,"column":62}},"73":{"start":{"line":148,"column":8},"end":{"line":148,"column":28}},"74":{"start":{"line":152,"column":6},"end":{"line":161,"column":15}},"75":{"start":{"line":153,"column":8},"end":{"line":159,"column":10}},"76":{"start":{"line":154,"column":10},"end":{"line":158,"column":11}},"77":{"start":{"line":155,"column":12},"end":{"line":157,"column":17}},"78":{"start":{"line":160,"column":8},"end":{"line":160,"column":28}},"79":{"start":{"line":166,"column":2},"end":{"line":174,"column":38}},"80":{"start":{"line":167,"column":4},"end":{"line":173,"column":5}},"81":{"start":{"line":168,"column":6},"end":{"line":168,"column":23}},"82":{"start":{"line":169,"column":6},"end":{"line":169,"column":26}},"83":{"start":{"line":170,"column":6},"end":{"line":170,"column":32}},"84":{"start":{"line":171,"column":6},"end":{"line":171,"column":28}},"85":{"start":{"line":172,"column":6},"end":{"line":172,"column":53}},"86":{"start":{"line":172,"column":23},"end":{"line":172,"column":45}},"87":{"start":{"line":177,"column":24},"end":{"line":186,"column":3}},"88":{"start":{"line":178,"column":4},"end":{"line":178,"column":17}},"89":{"start":{"line":179,"column":4},"end":{"line":179,"column":24}},"90":{"start":{"line":180,"column":4},"end":{"line":180,"column":24}},"91":{"start":{"line":181,"column":4},"end":{"line":181,"column":33}},"92":{"start":{"line":182,"column":4},"end":{"line":182,"column":24}},"93":{"start":{"line":183,"column":4},"end":{"line":183,"column":22}},"94":{"start":{"line":184,"column":4},"end":{"line":184,"column":27}},"95":{"start":{"line":185,"column":4},"end":{"line":185,"column":24}},"96":{"start":{"line":189,"column":2},"end":{"line":191,"column":9}},"97":{"start":{"line":190,"column":4},"end":{"line":190,"column":24}},"98":{"start":{"line":193,"column":2},"end":{"line":208,"column":3}},"99":{"start":{"line":194,"column":4},"end":{"line":207,"column":6}},"100":{"start":{"line":210,"column":2},"end":{"line":318,"column":4}},"101":{"start":{"line":217,"column":23},"end":{"line":217,"column":36}},"102":{"start":{"line":307,"column":35},"end":{"line":307,"column":48}}},"fnMap":{"0":{"name":"(anonymous_0)","decl":{"start":{"line":18,"column":19},"end":{"line":18,"column":20}},"loc":{"start":{"line":18,"column":25},"end":{"line":319,"column":1}},"line":18},"1":{"name":"(anonymous_1)","decl":{"start":{"line":24,"column":4},"end":{"line":24,"column":5}},"loc":{"start":{"line":24,"column":15},"end":{"line":24,"column":31}},"line":24},"2":{"name":"(anonymous_2)","decl":{"start":{"line":37,"column":21},"end":{"line":37,"column":22}},"loc":{"start":{"line":37,"column":34},"end":{"line":41,"column":3}},"line":37},"3":{"name":"(anonymous_3)","decl":{"start":{"line":44,"column":12},"end":{"line":44,"column":13}},"loc":{"start":{"line":44,"column":18},"end":{"line":52,"column":3}},"line":44},"4":{"name":"(anonymous_4)","decl":{"start":{"line":47,"column":29},"end":{"line":47,"column":30}},"loc":{"start":{"line":47,"column":35},"end":{"line":49,"column":7}},"line":47},"5":{"name":"(anonymous_5)","decl":{"start":{"line":51,"column":11},"end":{"line":51,"column":12}},"loc":{"start":{"line":51,"column":17},"end":{"line":51,"column":40}},"line":51},"6":{"name":"(anonymous_6)","decl":{"start":{"line":55,"column":28},"end":{"line":55,"column":29}},"loc":{"start":{"line":55,"column":40},"end":{"line":98,"column":3}},"line":55},"7":{"name":"(anonymous_7)","decl":{"start":{"line":76,"column":45},"end":{"line":76,"column":46}},"loc":{"start":{"line":76,"column":66},"end":{"line":88,"column":7}},"line":76},"8":{"name":"(anonymous_8)","decl":{"start":{"line":91,"column":46},"end":{"line":91,"column":47}},"loc":{"start":{"line":91,"column":52},"end":{"line":91,"column":71}},"line":91},"9":{"name":"(anonymous_9)","decl":{"start":{"line":101,"column":38},"end":{"line":101,"column":39}},"loc":{"start":{"line":101,"column":50},"end":{"line":129,"column":3}},"line":101},"10":{"name":"(anonymous_10)","decl":{"start":{"line":106,"column":28},"end":{"line":106,"column":29}},"loc":{"start":{"line":106,"column":35},"end":{"line":106,"column":50}},"line":106},"11":{"name":"(anonymous_11)","decl":{"start":{"line":115,"column":13},"end":{"line":115,"column":14}},"loc":{"start":{"line":116,"column":6},"end":{"line":118,"column":7}},"line":116},"12":{"name":"(anonymous_12)","decl":{"start":{"line":116,"column":20},"end":{"line":116,"column":21}},"loc":{"start":{"line":117,"column":8},"end":{"line":117,"column":55}},"line":117},"13":{"name":"(anonymous_13)","decl":{"start":{"line":132,"column":24},"end":{"line":132,"column":25}},"loc":{"start":{"line":132,"column":40},"end":{"line":163,"column":3}},"line":132},"14":{"name":"(anonymous_14)","decl":{"start":{"line":134,"column":33},"end":{"line":134,"column":34}},"loc":{"start":{"line":134,"column":40},"end":{"line":134,"column":56}},"line":134},"15":{"name":"(anonymous_15)","decl":{"start":{"line":135,"column":34},"end":{"line":135,"column":35}},"loc":{"start":{"line":135,"column":41},"end":{"line":135,"column":58}},"line":135},"16":{"name":"(anonymous_16)","decl":{"start":{"line":139,"column":17},"end":{"line":139,"column":18}},"loc":{"start":{"line":139,"column":23},"end":{"line":149,"column":7}},"line":139},"17":{"name":"(anonymous_17)","decl":{"start":{"line":140,"column":17},"end":{"line":140,"column":18}},"loc":{"start":{"line":141,"column":10},"end":{"line":145,"column":11}},"line":141},"18":{"name":"(anonymous_18)","decl":{"start":{"line":141,"column":24},"end":{"line":141,"column":25}},"loc":{"start":{"line":142,"column":12},"end":{"line":144,"column":17}},"line":142},"19":{"name":"(anonymous_19)","decl":{"start":{"line":147,"column":24},"end":{"line":147,"column":25}},"loc":{"start":{"line":147,"column":34},"end":{"line":147,"column":62}},"line":147},"20":{"name":"(anonymous_20)","decl":{"start":{"line":152,"column":17},"end":{"line":152,"column":18}},"loc":{"start":{"line":152,"column":23},"end":{"line":161,"column":7}},"line":152},"21":{"name":"(anonymous_21)","decl":{"start":{"line":153,"column":17},"end":{"line":153,"column":18}},"loc":{"start":{"line":154,"column":10},"end":{"line":158,"column":11}},"line":154},"22":{"name":"(anonymous_22)","decl":{"start":{"line":154,"column":24},"end":{"line":154,"column":25}},"loc":{"start":{"line":155,"column":12},"end":{"line":157,"column":17}},"line":155},"23":{"name":"(anonymous_23)","decl":{"start":{"line":166,"column":12},"end":{"line":166,"column":13}},"loc":{"start":{"line":166,"column":18},"end":{"line":174,"column":3}},"line":166},"24":{"name":"(anonymous_24)","decl":{"start":{"line":172,"column":17},"end":{"line":172,"column":18}},"loc":{"start":{"line":172,"column":23},"end":{"line":172,"column":45}},"line":172},"25":{"name":"(anonymous_25)","decl":{"start":{"line":177,"column":24},"end":{"line":177,"column":25}},"loc":{"start":{"line":177,"column":30},"end":{"line":186,"column":3}},"line":177},"26":{"name":"(anonymous_26)","decl":{"start":{"line":189,"column":12},"end":{"line":189,"column":13}},"loc":{"start":{"line":189,"column":18},"end":{"line":191,"column":3}},"line":189},"27":{"name":"(anonymous_27)","decl":{"start":{"line":217,"column":17},"end":{"line":217,"column":18}},"loc":{"start":{"line":217,"column":23},"end":{"line":217,"column":36}},"line":217},"28":{"name":"(anonymous_28)","decl":{"start":{"line":307,"column":29},"end":{"line":307,"column":30}},"loc":{"start":{"line":307,"column":35},"end":{"line":307,"column":48}},"line":307}},"branchMap":{"0":{"loc":{"start":{"line":46,"column":4},"end":{"line":50,"column":5}},"type":"if","locations":[{"start":{"line":46,"column":4},"end":{"line":50,"column":5}},{"start":{},"end":{}}],"line":46},"1":{"loc":{"start":{"line":46,"column":8},"end":{"line":46,"column":29}},"type":"binary-expr","locations":[{"start":{"line":46,"column":8},"end":{"line":46,"column":17}},{"start":{"line":46,"column":21},"end":{"line":46,"column":29}}],"line":46},"2":{"loc":{"start":{"line":65,"column":8},"end":{"line":70,"column":9}},"type":"if","locations":[{"start":{"line":65,"column":8},"end":{"line":70,"column":9}},{"start":{},"end":{}}],"line":65},"3":{"loc":{"start":{"line":103,"column":4},"end":{"line":103,"column":53}},"type":"if","locations":[{"start":{"line":103,"column":4},"end":{"line":103,"column":53}},{"start":{},"end":{}}],"line":103},"4":{"loc":{"start":{"line":103,"column":8},"end":{"line":103,"column":44}},"type":"binary-expr","locations":[{"start":{"line":103,"column":8},"end":{"line":103,"column":15}},{"start":{"line":103,"column":19},"end":{"line":103,"column":44}}],"line":103},"5":{"loc":{"start":{"line":107,"column":4},"end":{"line":107,"column":73}},"type":"if","locations":[{"start":{"line":107,"column":4},"end":{"line":107,"column":73}},{"start":{},"end":{}}],"line":107},"6":{"loc":{"start":{"line":107,"column":8},"end":{"line":107,"column":64}},"type":"binary-expr","locations":[{"start":{"line":107,"column":8},"end":{"line":107,"column":13}},{"start":{"line":107,"column":17},"end":{"line":107,"column":31}},{"start":{"line":107,"column":35},"end":{"line":107,"column":64}}],"line":107},"7":{"loc":{"start":{"line":110,"column":4},"end":{"line":112,"column":5}},"type":"if","locations":[{"start":{"line":110,"column":4},"end":{"line":112,"column":5}},{"start":{},"end":{}}],"line":110},"8":{"loc":{"start":{"line":117,"column":8},"end":{"line":117,"column":55}},"type":"cond-expr","locations":[{"start":{"line":117,"column":26},"end":{"line":117,"column":51}},{"start":{"line":117,"column":54},"end":{"line":117,"column":55}}],"line":117},"9":{"loc":{"start":{"line":125,"column":4},"end":{"line":128,"column":5}},"type":"if","locations":[{"start":{"line":125,"column":4},"end":{"line":128,"column":5}},{"start":{},"end":{}}],"line":125},"10":{"loc":{"start":{"line":137,"column":4},"end":{"line":162,"column":5}},"type":"if","locations":[{"start":{"line":137,"column":4},"end":{"line":162,"column":5}},{"start":{"line":150,"column":11},"end":{"line":162,"column":5}}],"line":137},"11":{"loc":{"start":{"line":142,"column":12},"end":{"line":144,"column":17}},"type":"cond-expr","locations":[{"start":{"line":143,"column":16},"end":{"line":143,"column":41}},{"start":{"line":144,"column":16},"end":{"line":144,"column":17}}],"line":142},"12":{"loc":{"start":{"line":142,"column":12},"end":{"line":142,"column":49}},"type":"binary-expr","locations":[{"start":{"line":142,"column":12},"end":{"line":142,"column":28}},{"start":{"line":142,"column":32},"end":{"line":142,"column":49}}],"line":142},"13":{"loc":{"start":{"line":155,"column":12},"end":{"line":157,"column":17}},"type":"cond-expr","locations":[{"start":{"line":156,"column":16},"end":{"line":156,"column":42}},{"start":{"line":157,"column":16},"end":{"line":157,"column":17}}],"line":155},"14":{"loc":{"start":{"line":155,"column":12},"end":{"line":155,"column":49}},"type":"binary-expr","locations":[{"start":{"line":155,"column":12},"end":{"line":155,"column":28}},{"start":{"line":155,"column":32},"end":{"line":155,"column":49}}],"line":155},"15":{"loc":{"start":{"line":167,"column":4},"end":{"line":173,"column":5}},"type":"if","locations":[{"start":{"line":167,"column":4},"end":{"line":173,"column":5}},{"start":{},"end":{}}],"line":167},"16":{"loc":{"start":{"line":167,"column":8},"end":{"line":167,"column":64}},"type":"binary-expr","locations":[{"start":{"line":167,"column":8},"end":{"line":167,"column":24}},{"start":{"line":167,"column":28},"end":{"line":167,"column":64}}],"line":167},"17":{"loc":{"start":{"line":193,"column":2},"end":{"line":208,"column":3}},"type":"if","locations":[{"start":{"line":193,"column":2},"end":{"line":208,"column":3}},{"start":{},"end":{}}],"line":193},"18":{"loc":{"start":{"line":212,"column":7},"end":{"line":212,"column":72}},"type":"binary-expr","locations":[{"start":{"line":212,"column":7},"end":{"line":212,"column":19}},{"start":{"line":212,"column":23},"end":{"line":212,"column":72}}],"line":212},"19":{"loc":{"start":{"line":268,"column":11},"end":{"line":314,"column":11}},"type":"binary-expr","locations":[{"start":{"line":268,"column":11},"end":{"line":268,"column":18}},{"start":{"line":269,"column":12},"end":{"line":313,"column":25}}],"line":268},"20":{"loc":{"start":{"line":286,"column":21},"end":{"line":288,"column":21}},"type":"binary-expr","locations":[{"start":{"line":286,"column":21},"end":{"line":286,"column":29}},{"start":{"line":286,"column":33},"end":{"line":286,"column":48}},{"start":{"line":287,"column":22},"end":{"line":287,"column":93}}],"line":286},"21":{"loc":{"start":{"line":293,"column":21},"end":{"line":295,"column":21}},"type":"binary-expr","locations":[{"start":{"line":293,"column":21},"end":{"line":293,"column":30}},{"start":{"line":293,"column":34},"end":{"line":293,"column":51}},{"start":{"line":294,"column":22},"end":{"line":294,"column":82}}],"line":293}},"s":{"0":1,"1":21,"2":21,"3":21,"4":32,"5":21,"6":21,"7":21,"8":21,"9":21,"10":21,"11":21,"12":21,"13":9,"14":9,"15":9,"16":21,"17":11,"18":0,"19":0,"20":11,"21":11,"22":21,"23":12,"24":12,"25":12,"26":12,"27":12,"28":12,"29":72,"30":72,"31":72,"32":72,"33":12,"34":11,"35":66,"36":66,"37":11,"38":121,"39":11,"40":11,"41":0,"42":0,"43":21,"44":0,"45":0,"46":0,"47":0,"48":0,"49":0,"50":0,"51":0,"52":0,"53":0,"54":0,"55":0,"56":0,"57":0,"58":0,"59":0,"60":21,"61":0,"62":0,"63":0,"64":0,"65":0,"66":0,"67":0,"68":0,"69":0,"70":0,"71":0,"72":0,"73":0,"74":0,"75":0,"76":0,"77":0,"78":0,"79":21,"80":21,"81":0,"82":0,"83":0,"84":0,"85":0,"86":0,"87":21,"88":1,"89":1,"90":1,"91":1,"92":1,"93":1,"94":1,"95":1,"96":21,"97":11,"98":21,"99":12,"100":9,"101":1,"102":0},"f":{"0":21,"1":32,"2":9,"3":11,"4":0,"5":11,"6":12,"7":66,"8":121,"9":0,"10":0,"11":0,"12":0,"13":0,"14":0,"15":0,"16":0,"17":0,"18":0,"19":0,"20":0,"21":0,"22":0,"23":21,"24":0,"25":1,"26":11,"27":1,"28":0},"b":{"0":[0,11],"1":[11,0],"2":[72,0],"3":[0,0],"4":[0,0],"5":[0,0],"6":[0,0,0],"7":[0,0],"8":[0,0],"9":[0,0],"10":[0,0],"11":[0,0],"12":[0,0],"13":[0,0],"14":[0,0],"15":[0,21],"16":[21,9],"17":[12,9],"18":[9,0],"19":[9,0],"20":[0,0,0],"21":[0,0,0]},"_coverageSchema":"1a1c01bbd47fc00a2c39e90264f33305004495a9","hash":"3353665eb996507d50b9461af501d3722c460880"}
,"C:\\Users\\ZGMF_\\Documents\\cursos\\ebac\\pokememory-game\\src\\components\\TypeMatcher\\TypeMatcher.jsx": {"path":"C:\\Users\\ZGMF_\\Documents\\cursos\\ebac\\pokememory-game\\src\\components\\TypeMatcher\\TypeMatcher.jsx","statementMap":{"0":{"start":{"line":18,"column":22},"end":{"line":37,"column":1}},"1":{"start":{"line":39,"column":20},"end":{"line":427,"column":1}},"2":{"start":{"line":40,"column":19},"end":{"line":40,"column":32}},"3":{"start":{"line":41,"column":19},"end":{"line":41,"column":32}},"4":{"start":{"line":44,"column":51},"end":{"line":46,"column":3}},"5":{"start":{"line":45,"column":15},"end":{"line":45,"column":32}},"6":{"start":{"line":49,"column":32},"end":{"line":49,"column":46}},"7":{"start":{"line":50,"column":42},"end":{"line":50,"column":54}},"8":{"start":{"line":51,"column":38},"end":{"line":51,"column":53}},"9":{"start":{"line":52,"column":36},"end":{"line":52,"column":50}},"10":{"start":{"line":53,"column":40},"end":{"line":53,"column":54}},"11":{"start":{"line":54,"column":42},"end":{"line":54,"column":57}},"12":{"start":{"line":55,"column":34},"end":{"line":55,"column":48}},"13":{"start":{"line":58,"column":29},"end":{"line":81,"column":3}},"14":{"start":{"line":59,"column":4},"end":{"line":59,"column":23}},"15":{"start":{"line":60,"column":4},"end":{"line":60,"column":25}},"16":{"start":{"line":61,"column":4},"end":{"line":61,"column":24}},"17":{"start":{"line":62,"column":4},"end":{"line":62,"column":22}},"18":{"start":{"line":64,"column":4},"end":{"line":80,"column":5}},"19":{"start":{"line":65,"column":23},"end":{"line":65,"column":58}},"20":{"start":{"line":66,"column":23},"end":{"line":66,"column":87}},"21":{"start":{"line":68,"column":26},"end":{"line":73,"column":7}},"22":{"start":{"line":72,"column":44},"end":{"line":72,"column":55}},"23":{"start":{"line":75,"column":6},"end":{"line":75,"column":30}},"24":{"start":{"line":76,"column":6},"end":{"line":76,"column":26}},"25":{"start":{"line":78,"column":6},"end":{"line":78,"column":55}},"26":{"start":{"line":79,"column":6},"end":{"line":79,"column":26}},"27":{"start":{"line":84,"column":26},"end":{"line":87,"column":3}},"28":{"start":{"line":85,"column":4},"end":{"line":85,"column":29}},"29":{"start":{"line":86,"column":4},"end":{"line":86,"column":42}},"30":{"start":{"line":90,"column":25},"end":{"line":93,"column":3}},"31":{"start":{"line":91,"column":4},"end":{"line":91,"column":23}},"32":{"start":{"line":92,"column":4},"end":{"line":92,"column":39}},"33":{"start":{"line":96,"column":21},"end":{"line":111,"column":3}},"34":{"start":{"line":97,"column":4},"end":{"line":97,"column":23}},"35":{"start":{"line":99,"column":4},"end":{"line":99,"column":43}},"36":{"start":{"line":99,"column":36},"end":{"line":99,"column":43}},"37":{"start":{"line":102,"column":4},"end":{"line":104,"column":5}},"38":{"start":{"line":103,"column":6},"end":{"line":103,"column":13}},"39":{"start":{"line":107,"column":28},"end":{"line":107,"column":45}},"40":{"start":{"line":108,"column":4},"end":{"line":108,"column":45}},"41":{"start":{"line":109,"column":4},"end":{"line":109,"column":37}},"42":{"start":{"line":110,"column":4},"end":{"line":110,"column":25}},"43":{"start":{"line":114,"column":27},"end":{"line":119,"column":3}},"44":{"start":{"line":115,"column":4},"end":{"line":115,"column":27}},"45":{"start":{"line":115,"column":20},"end":{"line":115,"column":27}},"46":{"start":{"line":116,"column":28},"end":{"line":116,"column":45}},"47":{"start":{"line":117,"column":4},"end":{"line":117,"column":34}},"48":{"start":{"line":118,"column":4},"end":{"line":118,"column":61}},"49":{"start":{"line":118,"column":48},"end":{"line":118,"column":58}},"50":{"start":{"line":122,"column":28},"end":{"line":162,"column":3}},"51":{"start":{"line":123,"column":4},"end":{"line":126,"column":5}},"52":{"start":{"line":123,"column":33},"end":{"line":123,"column":34}},"53":{"start":{"line":124,"column":6},"end":{"line":124,"column":78}},"54":{"start":{"line":125,"column":6},"end":{"line":125,"column":13}},"55":{"start":{"line":128,"column":4},"end":{"line":128,"column":24}},"56":{"start":{"line":129,"column":4},"end":{"line":129,"column":34}},"57":{"start":{"line":132,"column":25},"end":{"line":134,"column":5}},"58":{"start":{"line":133,"column":6},"end":{"line":133,"column":33}},"59":{"start":{"line":136,"column":22},"end":{"line":136,"column":82}},"60":{"start":{"line":138,"column":4},"end":{"line":161,"column":5}},"61":{"start":{"line":139,"column":6},"end":{"line":139,"column":33}},"62":{"start":{"line":140,"column":6},"end":{"line":140,"column":75}},"63":{"start":{"line":141,"column":6},"end":{"line":147,"column":10}},"64":{"start":{"line":148,"column":6},"end":{"line":148,"column":65}},"65":{"start":{"line":149,"column":6},"end":{"line":149,"column":28}},"66":{"start":{"line":150,"column":6},"end":{"line":150,"column":53}},"67":{"start":{"line":150,"column":23},"end":{"line":150,"column":45}},"68":{"start":{"line":152,"column":6},"end":{"line":152,"column":76}},"69":{"start":{"line":153,"column":6},"end":{"line":159,"column":10}},"70":{"start":{"line":160,"column":6},"end":{"line":160,"column":79}},"71":{"start":{"line":165,"column":21},"end":{"line":167,"column":3}},"72":{"start":{"line":166,"column":4},"end":{"line":166,"column":25}},"73":{"start":{"line":170,"column":24},"end":{"line":173,"column":3}},"74":{"start":{"line":171,"column":4},"end":{"line":171,"column":26}},"75":{"start":{"line":172,"column":4},"end":{"line":172,"column":25}},"76":{"start":{"line":176,"column":25},"end":{"line":178,"column":3}},"77":{"start":{"line":177,"column":4},"end":{"line":177,"column":56}},"78":{"start":{"line":181,"column":24},"end":{"line":183,"column":3}},"79":{"start":{"line":182,"column":4},"end":{"line":182,"column":56}},"80":{"start":{"line":182,"column":35},"end":{"line":182,"column":54}},"81":{"start":{"line":186,"column":2},"end":{"line":188,"column":9}},"82":{"start":{"line":187,"column":4},"end":{"line":187,"column":25}},"83":{"start":{"line":190,"column":2},"end":{"line":205,"column":3}},"84":{"start":{"line":191,"column":4},"end":{"line":204,"column":6}},"85":{"start":{"line":207,"column":2},"end":{"line":426,"column":4}},"86":{"start":{"line":214,"column":23},"end":{"line":214,"column":36}},"87":{"start":{"line":299,"column":14},"end":{"line":330,"column":27}},"88":{"start":{"line":305,"column":31},"end":{"line":305,"column":51}},"89":{"start":{"line":317,"column":35},"end":{"line":317,"column":58}},"90":{"start":{"line":383,"column":34},"end":{"line":383,"column":53}},"91":{"start":{"line":384,"column":18},"end":{"line":395,"column":20}},"92":{"start":{"line":407,"column":14},"end":{"line":420,"column":27}},"93":{"start":{"line":415,"column":36},"end":{"line":415,"column":65}}},"fnMap":{"0":{"name":"(anonymous_0)","decl":{"start":{"line":39,"column":20},"end":{"line":39,"column":21}},"loc":{"start":{"line":39,"column":26},"end":{"line":427,"column":1}},"line":39},"1":{"name":"(anonymous_1)","decl":{"start":{"line":45,"column":4},"end":{"line":45,"column":5}},"loc":{"start":{"line":45,"column":15},"end":{"line":45,"column":32}},"line":45},"2":{"name":"(anonymous_2)","decl":{"start":{"line":58,"column":29},"end":{"line":58,"column":30}},"loc":{"start":{"line":58,"column":41},"end":{"line":81,"column":3}},"line":58},"3":{"name":"(anonymous_3)","decl":{"start":{"line":72,"column":39},"end":{"line":72,"column":40}},"loc":{"start":{"line":72,"column":44},"end":{"line":72,"column":55}},"line":72},"4":{"name":"(anonymous_4)","decl":{"start":{"line":84,"column":26},"end":{"line":84,"column":27}},"loc":{"start":{"line":84,"column":43},"end":{"line":87,"column":3}},"line":84},"5":{"name":"(anonymous_5)","decl":{"start":{"line":90,"column":25},"end":{"line":90,"column":26}},"loc":{"start":{"line":90,"column":32},"end":{"line":93,"column":3}},"line":90},"6":{"name":"(anonymous_6)","decl":{"start":{"line":96,"column":21},"end":{"line":96,"column":22}},"loc":{"start":{"line":96,"column":39},"end":{"line":111,"column":3}},"line":96},"7":{"name":"(anonymous_7)","decl":{"start":{"line":114,"column":27},"end":{"line":114,"column":28}},"loc":{"start":{"line":114,"column":38},"end":{"line":119,"column":3}},"line":114},"8":{"name":"(anonymous_8)","decl":{"start":{"line":118,"column":43},"end":{"line":118,"column":44}},"loc":{"start":{"line":118,"column":48},"end":{"line":118,"column":58}},"line":118},"9":{"name":"(anonymous_9)","decl":{"start":{"line":122,"column":28},"end":{"line":122,"column":29}},"loc":{"start":{"line":122,"column":34},"end":{"line":162,"column":3}},"line":122},"10":{"name":"(anonymous_10)","decl":{"start":{"line":123,"column":28},"end":{"line":123,"column":29}},"loc":{"start":{"line":123,"column":33},"end":{"line":123,"column":34}},"line":123},"11":{"name":"(anonymous_11)","decl":{"start":{"line":132,"column":45},"end":{"line":132,"column":46}},"loc":{"start":{"line":133,"column":6},"end":{"line":133,"column":33}},"line":133},"12":{"name":"(anonymous_12)","decl":{"start":{"line":150,"column":17},"end":{"line":150,"column":18}},"loc":{"start":{"line":150,"column":23},"end":{"line":150,"column":45}},"line":150},"13":{"name":"(anonymous_13)","decl":{"start":{"line":165,"column":21},"end":{"line":165,"column":22}},"loc":{"start":{"line":165,"column":27},"end":{"line":167,"column":3}},"line":165},"14":{"name":"(anonymous_14)","decl":{"start":{"line":170,"column":24},"end":{"line":170,"column":25}},"loc":{"start":{"line":170,"column":30},"end":{"line":173,"column":3}},"line":170},"15":{"name":"(anonymous_15)","decl":{"start":{"line":176,"column":25},"end":{"line":176,"column":26}},"loc":{"start":{"line":176,"column":35},"end":{"line":178,"column":3}},"line":176},"16":{"name":"(anonymous_16)","decl":{"start":{"line":181,"column":24},"end":{"line":181,"column":25}},"loc":{"start":{"line":181,"column":38},"end":{"line":183,"column":3}},"line":181},"17":{"name":"(anonymous_17)","decl":{"start":{"line":182,"column":30},"end":{"line":182,"column":31}},"loc":{"start":{"line":182,"column":35},"end":{"line":182,"column":54}},"line":182},"18":{"name":"(anonymous_18)","decl":{"start":{"line":186,"column":12},"end":{"line":186,"column":13}},"loc":{"start":{"line":186,"column":18},"end":{"line":188,"column":3}},"line":186},"19":{"name":"(anonymous_19)","decl":{"start":{"line":214,"column":17},"end":{"line":214,"column":18}},"loc":{"start":{"line":214,"column":23},"end":{"line":214,"column":36}},"line":214},"20":{"name":"(anonymous_20)","decl":{"start":{"line":298,"column":50},"end":{"line":298,"column":51}},"loc":{"start":{"line":299,"column":14},"end":{"line":330,"column":27}},"line":299},"21":{"name":"(anonymous_21)","decl":{"start":{"line":305,"column":24},"end":{"line":305,"column":25}},"loc":{"start":{"line":305,"column":31},"end":{"line":305,"column":51}},"line":305},"22":{"name":"(anonymous_22)","decl":{"start":{"line":317,"column":29},"end":{"line":317,"column":30}},"loc":{"start":{"line":317,"column":35},"end":{"line":317,"column":58}},"line":317},"23":{"name":"(anonymous_23)","decl":{"start":{"line":382,"column":35},"end":{"line":382,"column":36}},"loc":{"start":{"line":382,"column":52},"end":{"line":396,"column":17}},"line":382},"24":{"name":"(anonymous_24)","decl":{"start":{"line":406,"column":31},"end":{"line":406,"column":32}},"loc":{"start":{"line":407,"column":14},"end":{"line":420,"column":27}},"line":407},"25":{"name":"(anonymous_25)","decl":{"start":{"line":415,"column":29},"end":{"line":415,"column":30}},"loc":{"start":{"line":415,"column":36},"end":{"line":415,"column":65}},"line":415}},"branchMap":{"0":{"loc":{"start":{"line":99,"column":4},"end":{"line":99,"column":43}},"type":"if","locations":[{"start":{"line":99,"column":4},"end":{"line":99,"column":43}},{"start":{},"end":{}}],"line":99},"1":{"loc":{"start":{"line":99,"column":8},"end":{"line":99,"column":34}},"type":"binary-expr","locations":[{"start":{"line":99,"column":8},"end":{"line":99,"column":20}},{"start":{"line":99,"column":24},"end":{"line":99,"column":34}}],"line":99},"2":{"loc":{"start":{"line":102,"column":4},"end":{"line":104,"column":5}},"type":"if","locations":[{"start":{"line":102,"column":4},"end":{"line":104,"column":5}},{"start":{},"end":{}}],"line":102},"3":{"loc":{"start":{"line":102,"column":8},"end":{"line":102,"column":79}},"type":"binary-expr","locations":[{"start":{"line":102,"column":8},"end":{"line":102,"column":51}},{"start":{"line":102,"column":55},"end":{"line":102,"column":79}}],"line":102},"4":{"loc":{"start":{"line":115,"column":4},"end":{"line":115,"column":27}},"type":"if","locations":[{"start":{"line":115,"column":4},"end":{"line":115,"column":27}},{"start":{},"end":{}}],"line":115},"5":{"loc":{"start":{"line":123,"column":4},"end":{"line":126,"column":5}},"type":"if","locations":[{"start":{"line":123,"column":4},"end":{"line":126,"column":5}},{"start":{},"end":{}}],"line":123},"6":{"loc":{"start":{"line":136,"column":22},"end":{"line":136,"column":82}},"type":"binary-expr","locations":[{"start":{"line":136,"column":22},"end":{"line":136,"column":34}},{"start":{"line":136,"column":38},"end":{"line":136,"column":82}}],"line":136},"7":{"loc":{"start":{"line":138,"column":4},"end":{"line":161,"column":5}},"type":"if","locations":[{"start":{"line":138,"column":4},"end":{"line":161,"column":5}},{"start":{"line":151,"column":11},"end":{"line":161,"column":5}}],"line":138},"8":{"loc":{"start":{"line":190,"column":2},"end":{"line":205,"column":3}},"type":"if","locations":[{"start":{"line":190,"column":2},"end":{"line":205,"column":3}},{"start":{},"end":{}}],"line":190},"9":{"loc":{"start":{"line":209,"column":7},"end":{"line":209,"column":72}},"type":"binary-expr","locations":[{"start":{"line":209,"column":7},"end":{"line":209,"column":19}},{"start":{"line":209,"column":23},"end":{"line":209,"column":72}}],"line":209},"10":{"loc":{"start":{"line":302,"column":18},"end":{"line":302,"column":58}},"type":"cond-expr","locations":[{"start":{"line":302,"column":40},"end":{"line":302,"column":53}},{"start":{"line":302,"column":56},"end":{"line":302,"column":58}}],"line":302},"11":{"loc":{"start":{"line":303,"column":20},"end":{"line":303,"column":99}},"type":"cond-expr","locations":[{"start":{"line":303,"column":80},"end":{"line":303,"column":94}},{"start":{"line":303,"column":97},"end":{"line":303,"column":99}}],"line":303},"12":{"loc":{"start":{"line":303,"column":20},"end":{"line":303,"column":77}},"type":"binary-expr","locations":[{"start":{"line":303,"column":20},"end":{"line":303,"column":30}},{"start":{"line":303,"column":34},"end":{"line":303,"column":77}}],"line":303},"13":{"loc":{"start":{"line":303,"column":103},"end":{"line":303,"column":208}},"type":"cond-expr","locations":[{"start":{"line":303,"column":187},"end":{"line":303,"column":203}},{"start":{"line":303,"column":206},"end":{"line":303,"column":208}}],"line":303},"14":{"loc":{"start":{"line":303,"column":103},"end":{"line":303,"column":184}},"type":"binary-expr","locations":[{"start":{"line":303,"column":103},"end":{"line":303,"column":113}},{"start":{"line":303,"column":117},"end":{"line":303,"column":161}},{"start":{"line":303,"column":165},"end":{"line":303,"column":184}}],"line":303},"15":{"loc":{"start":{"line":310,"column":17},"end":{"line":329,"column":17}},"type":"cond-expr","locations":[{"start":{"line":311,"column":18},"end":{"line":324,"column":24}},{"start":{"line":326,"column":18},"end":{"line":328,"column":25}}],"line":310},"16":{"loc":{"start":{"line":320,"column":21},"end":{"line":320,"column":77}},"type":"binary-expr","locations":[{"start":{"line":320,"column":21},"end":{"line":320,"column":32}},{"start":{"line":320,"column":36},"end":{"line":320,"column":77}}],"line":320},"17":{"loc":{"start":{"line":321,"column":21},"end":{"line":323,"column":21}},"type":"binary-expr","locations":[{"start":{"line":321,"column":21},"end":{"line":321,"column":31}},{"start":{"line":321,"column":35},"end":{"line":321,"column":78}},{"start":{"line":322,"column":22},"end":{"line":322,"column":62}}],"line":321},"18":{"loc":{"start":{"line":336,"column":13},"end":{"line":345,"column":13}},"type":"binary-expr","locations":[{"start":{"line":336,"column":13},"end":{"line":336,"column":21}},{"start":{"line":337,"column":14},"end":{"line":344,"column":27}}],"line":336},"19":{"loc":{"start":{"line":350,"column":13},"end":{"line":370,"column":13}},"type":"cond-expr","locations":[{"start":{"line":351,"column":14},"end":{"line":358,"column":30}},{"start":{"line":360,"column":14},"end":{"line":369,"column":30}}],"line":350},"20":{"loc":{"start":{"line":374,"column":11},"end":{"line":399,"column":11}},"type":"binary-expr","locations":[{"start":{"line":374,"column":11},"end":{"line":374,"column":21}},{"start":{"line":375,"column":12},"end":{"line":398,"column":25}}],"line":374},"21":{"loc":{"start":{"line":416,"column":28},"end":{"line":416,"column":78}},"type":"cond-expr","locations":[{"start":{"line":416,"column":42},"end":{"line":416,"column":73}},{"start":{"line":416,"column":76},"end":{"line":416,"column":78}}],"line":416},"22":{"loc":{"start":{"line":417,"column":26},"end":{"line":417,"column":80}},"type":"cond-expr","locations":[{"start":{"line":417,"column":40},"end":{"line":417,"column":75}},{"start":{"line":417,"column":78},"end":{"line":417,"column":80}}],"line":417}},"s":{"0":1,"1":1,"2":41,"3":41,"4":41,"5":54,"6":41,"7":41,"8":41,"9":41,"10":41,"11":41,"12":41,"13":41,"14":14,"15":14,"16":14,"17":14,"18":14,"19":14,"20":14,"21":13,"22":26,"23":13,"24":13,"25":0,"26":0,"27":41,"28":0,"29":0,"30":41,"31":0,"32":0,"33":41,"34":0,"35":0,"36":0,"37":0,"38":0,"39":0,"40":0,"41":0,"42":0,"43":41,"44":0,"45":0,"46":0,"47":0,"48":0,"49":0,"50":41,"51":1,"52":0,"53":1,"54":1,"55":0,"56":0,"57":0,"58":0,"59":0,"60":0,"61":0,"62":0,"63":0,"64":0,"65":0,"66":0,"67":0,"68":0,"69":0,"70":0,"71":41,"72":0,"73":41,"74":1,"75":1,"76":41,"77":266,"78":41,"79":0,"80":0,"81":41,"82":13,"83":41,"84":27,"85":14,"86":1,"87":28,"88":0,"89":0,"90":0,"91":0,"92":252,"93":0},"f":{"0":41,"1":54,"2":14,"3":26,"4":0,"5":0,"6":0,"7":0,"8":0,"9":1,"10":0,"11":0,"12":0,"13":0,"14":1,"15":266,"16":0,"17":0,"18":13,"19":1,"20":28,"21":0,"22":0,"23":0,"24":252,"25":0},"b":{"0":[0,0],"1":[0,0],"2":[0,0],"3":[0,0],"4":[0,0],"5":[1,0],"6":[0,0],"7":[0,0],"8":[27,14],"9":[14,0],"10":[0,28],"11":[0,28],"12":[28,0],"13":[0,28],"14":[28,0,0],"15":[0,28],"16":[0,0],"17":[0,0,0],"18":[14,1],"19":[14,0],"20":[14,0],"21":[252,0],"22":[252,0]},"_coverageSchema":"1a1c01bbd47fc00a2c39e90264f33305004495a9","hash":"bcf12cceb815ddd9f41efc331b0c5d92646972d6"}
,"C:\\Users\\ZGMF_\\Documents\\cursos\\ebac\\pokememory-game\\src\\components\\WhosThatPokemon\\WhosThatPokemon.jsx": {"path":"C:\\Users\\ZGMF_\\Documents\\cursos\\ebac\\pokememory-game\\src\\components\\WhosThatPokemon\\WhosThatPokemon.jsx","statementMap":{"0":{"start":{"line":16,"column":24},"end":{"line":310,"column":1}},"1":{"start":{"line":17,"column":19},"end":{"line":17,"column":32}},"2":{"start":{"line":18,"column":19},"end":{"line":18,"column":32}},"3":{"start":{"line":21,"column":53},"end":{"line":23,"column":3}},"4":{"start":{"line":22,"column":15},"end":{"line":22,"column":36}},"5":{"start":{"line":26,"column":32},"end":{"line":26,"column":46}},"6":{"start":{"line":27,"column":32},"end":{"line":27,"column":44}},"7":{"start":{"line":28,"column":46},"end":{"line":28,"column":60}},"8":{"start":{"line":29,"column":38},"end":{"line":29,"column":53}},"9":{"start":{"line":30,"column":36},"end":{"line":30,"column":50}},"10":{"start":{"line":31,"column":42},"end":{"line":31,"column":57}},"11":{"start":{"line":34,"column":29},"end":{"line":69,"column":3}},"12":{"start":{"line":35,"column":4},"end":{"line":35,"column":23}},"13":{"start":{"line":36,"column":4},"end":{"line":36,"column":25}},"14":{"start":{"line":37,"column":4},"end":{"line":37,"column":28}},"15":{"start":{"line":38,"column":4},"end":{"line":38,"column":27}},"16":{"start":{"line":40,"column":4},"end":{"line":68,"column":5}},"17":{"start":{"line":42,"column":23},"end":{"line":42,"column":58}},"18":{"start":{"line":43,"column":23},"end":{"line":43,"column":87}},"19":{"start":{"line":45,"column":29},"end":{"line":50,"column":7}},"20":{"start":{"line":49,"column":44},"end":{"line":49,"column":55}},"21":{"start":{"line":52,"column":6},"end":{"line":52,"column":33}},"22":{"start":{"line":55,"column":27},"end":{"line":55,"column":63}},"23":{"start":{"line":58,"column":25},"end":{"line":61,"column":39}},"24":{"start":{"line":61,"column":19},"end":{"line":61,"column":38}},"25":{"start":{"line":63,"column":6},"end":{"line":63,"column":29}},"26":{"start":{"line":64,"column":6},"end":{"line":64,"column":26}},"27":{"start":{"line":66,"column":6},"end":{"line":66,"column":58}},"28":{"start":{"line":67,"column":6},"end":{"line":67,"column":26}},"29":{"start":{"line":72,"column":31},"end":{"line":94,"column":3}},"30":{"start":{"line":73,"column":25},"end":{"line":73,"column":27}},"31":{"start":{"line":74,"column":20},"end":{"line":74,"column":40}},"32":{"start":{"line":76,"column":4},"end":{"line":91,"column":5}},"33":{"start":{"line":77,"column":23},"end":{"line":77,"column":58}},"34":{"start":{"line":79,"column":6},"end":{"line":90,"column":7}},"35":{"start":{"line":80,"column":8},"end":{"line":80,"column":30}},"36":{"start":{"line":81,"column":8},"end":{"line":89,"column":9}},"37":{"start":{"line":82,"column":27},"end":{"line":82,"column":91}},"38":{"start":{"line":83,"column":10},"end":{"line":86,"column":13}},"39":{"start":{"line":88,"column":10},"end":{"line":88,"column":60}},"40":{"start":{"line":93,"column":4},"end":{"line":93,"column":24}},"41":{"start":{"line":97,"column":29},"end":{"line":122,"column":3}},"42":{"start":{"line":98,"column":4},"end":{"line":98,"column":45}},"43":{"start":{"line":98,"column":38},"end":{"line":98,"column":45}},"44":{"start":{"line":100,"column":4},"end":{"line":100,"column":30}},"45":{"start":{"line":101,"column":4},"end":{"line":101,"column":24}},"46":{"start":{"line":102,"column":4},"end":{"line":102,"column":26}},"47":{"start":{"line":105,"column":4},"end":{"line":105,"column":37}},"48":{"start":{"line":107,"column":4},"end":{"line":121,"column":5}},"49":{"start":{"line":108,"column":6},"end":{"line":108,"column":33}},"50":{"start":{"line":109,"column":6},"end":{"line":113,"column":10}},"51":{"start":{"line":115,"column":6},"end":{"line":115,"column":30}},"52":{"start":{"line":116,"column":6},"end":{"line":120,"column":10}},"53":{"start":{"line":125,"column":28},"end":{"line":127,"column":3}},"54":{"start":{"line":126,"column":4},"end":{"line":126,"column":25}},"55":{"start":{"line":130,"column":24},"end":{"line":133,"column":3}},"56":{"start":{"line":131,"column":4},"end":{"line":131,"column":26}},"57":{"start":{"line":132,"column":4},"end":{"line":132,"column":25}},"58":{"start":{"line":136,"column":2},"end":{"line":138,"column":9}},"59":{"start":{"line":137,"column":4},"end":{"line":137,"column":25}},"60":{"start":{"line":141,"column":25},"end":{"line":143,"column":3}},"61":{"start":{"line":142,"column":4},"end":{"line":142,"column":56}},"62":{"start":{"line":145,"column":2},"end":{"line":160,"column":3}},"63":{"start":{"line":146,"column":4},"end":{"line":159,"column":6}},"64":{"start":{"line":162,"column":2},"end":{"line":309,"column":4}},"65":{"start":{"line":167,"column":23},"end":{"line":167,"column":36}},"66":{"start":{"line":264,"column":31},"end":{"line":264,"column":67}},"67":{"start":{"line":265,"column":38},"end":{"line":265,"column":68}},"68":{"start":{"line":266,"column":40},"end":{"line":266,"column":85}},"69":{"start":{"line":268,"column":12},"end":{"line":286,"column":14}},"70":{"start":{"line":274,"column":31},"end":{"line":274,"column":57}}},"fnMap":{"0":{"name":"(anonymous_0)","decl":{"start":{"line":16,"column":24},"end":{"line":16,"column":25}},"loc":{"start":{"line":16,"column":30},"end":{"line":310,"column":1}},"line":16},"1":{"name":"(anonymous_1)","decl":{"start":{"line":22,"column":4},"end":{"line":22,"column":5}},"loc":{"start":{"line":22,"column":15},"end":{"line":22,"column":36}},"line":22},"2":{"name":"(anonymous_2)","decl":{"start":{"line":34,"column":29},"end":{"line":34,"column":30}},"loc":{"start":{"line":34,"column":41},"end":{"line":69,"column":3}},"line":34},"3":{"name":"(anonymous_3)","decl":{"start":{"line":49,"column":39},"end":{"line":49,"column":40}},"loc":{"start":{"line":49,"column":44},"end":{"line":49,"column":55}},"line":49},"4":{"name":"(anonymous_4)","decl":{"start":{"line":61,"column":13},"end":{"line":61,"column":14}},"loc":{"start":{"line":61,"column":19},"end":{"line":61,"column":38}},"line":61},"5":{"name":"(anonymous_5)","decl":{"start":{"line":72,"column":31},"end":{"line":72,"column":32}},"loc":{"start":{"line":72,"column":52},"end":{"line":94,"column":3}},"line":72},"6":{"name":"(anonymous_6)","decl":{"start":{"line":97,"column":29},"end":{"line":97,"column":30}},"loc":{"start":{"line":97,"column":41},"end":{"line":122,"column":3}},"line":97},"7":{"name":"(anonymous_7)","decl":{"start":{"line":125,"column":28},"end":{"line":125,"column":29}},"loc":{"start":{"line":125,"column":34},"end":{"line":127,"column":3}},"line":125},"8":{"name":"(anonymous_8)","decl":{"start":{"line":130,"column":24},"end":{"line":130,"column":25}},"loc":{"start":{"line":130,"column":30},"end":{"line":133,"column":3}},"line":130},"9":{"name":"(anonymous_9)","decl":{"start":{"line":136,"column":12},"end":{"line":136,"column":13}},"loc":{"start":{"line":136,"column":18},"end":{"line":138,"column":3}},"line":136},"10":{"name":"(anonymous_10)","decl":{"start":{"line":141,"column":25},"end":{"line":141,"column":26}},"loc":{"start":{"line":141,"column":35},"end":{"line":143,"column":3}},"line":141},"11":{"name":"(anonymous_11)","decl":{"start":{"line":167,"column":17},"end":{"line":167,"column":18}},"loc":{"start":{"line":167,"column":23},"end":{"line":167,"column":36}},"line":167},"12":{"name":"(anonymous_12)","decl":{"start":{"line":263,"column":23},"end":{"line":263,"column":24}},"loc":{"start":{"line":263,"column":42},"end":{"line":287,"column":11}},"line":263},"13":{"name":"(anonymous_13)","decl":{"start":{"line":274,"column":25},"end":{"line":274,"column":26}},"loc":{"start":{"line":274,"column":31},"end":{"line":274,"column":57}},"line":274}},"branchMap":{"0":{"loc":{"start":{"line":79,"column":6},"end":{"line":90,"column":7}},"type":"if","locations":[{"start":{"line":79,"column":6},"end":{"line":90,"column":7}},{"start":{},"end":{}}],"line":79},"1":{"loc":{"start":{"line":98,"column":4},"end":{"line":98,"column":45}},"type":"if","locations":[{"start":{"line":98,"column":4},"end":{"line":98,"column":45}},{"start":{},"end":{}}],"line":98},"2":{"loc":{"start":{"line":98,"column":8},"end":{"line":98,"column":36}},"type":"binary-expr","locations":[{"start":{"line":98,"column":8},"end":{"line":98,"column":22}},{"start":{"line":98,"column":26},"end":{"line":98,"column":36}}],"line":98},"3":{"loc":{"start":{"line":107,"column":4},"end":{"line":121,"column":5}},"type":"if","locations":[{"start":{"line":107,"column":4},"end":{"line":121,"column":5}},{"start":{"line":114,"column":11},"end":{"line":121,"column":5}}],"line":107},"4":{"loc":{"start":{"line":145,"column":2},"end":{"line":160,"column":3}},"type":"if","locations":[{"start":{"line":145,"column":2},"end":{"line":160,"column":3}},{"start":{},"end":{}}],"line":145},"5":{"loc":{"start":{"line":228,"column":13},"end":{"line":239,"column":13}},"type":"binary-expr","locations":[{"start":{"line":228,"column":13},"end":{"line":228,"column":20}},{"start":{"line":229,"column":14},"end":{"line":238,"column":16}}],"line":228},"6":{"loc":{"start":{"line":233,"column":53},"end":{"line":233,"column":89}},"type":"cond-expr","locations":[{"start":{"line":233,"column":67},"end":{"line":233,"column":84}},{"start":{"line":233,"column":87},"end":{"line":233,"column":89}}],"line":233},"7":{"loc":{"start":{"line":248,"column":11},"end":{"line":258,"column":11}},"type":"binary-expr","locations":[{"start":{"line":248,"column":11},"end":{"line":248,"column":23}},{"start":{"line":249,"column":12},"end":{"line":257,"column":25}}],"line":248},"8":{"loc":{"start":{"line":250,"column":47},"end":{"line":250,"column":108}},"type":"cond-expr","locations":[{"start":{"line":250,"column":75},"end":{"line":250,"column":89}},{"start":{"line":250,"column":92},"end":{"line":250,"column":108}}],"line":250},"9":{"loc":{"start":{"line":256,"column":15},"end":{"line":256,"column":78}},"type":"cond-expr","locations":[{"start":{"line":256,"column":43},"end":{"line":256,"column":58}},{"start":{"line":256,"column":61},"end":{"line":256,"column":78}}],"line":256},"10":{"loc":{"start":{"line":265,"column":38},"end":{"line":265,"column":68}},"type":"binary-expr","locations":[{"start":{"line":265,"column":38},"end":{"line":265,"column":48}},{"start":{"line":265,"column":52},"end":{"line":265,"column":68}}],"line":265},"11":{"loc":{"start":{"line":266,"column":40},"end":{"line":266,"column":85}},"type":"binary-expr","locations":[{"start":{"line":266,"column":40},"end":{"line":266,"column":50}},{"start":{"line":266,"column":54},"end":{"line":266,"column":64}},{"start":{"line":266,"column":68},"end":{"line":266,"column":85}}],"line":266},"12":{"loc":{"start":{"line":272,"column":20},"end":{"line":272,"column":65}},"type":"cond-expr","locations":[{"start":{"line":272,"column":40},"end":{"line":272,"column":60}},{"start":{"line":272,"column":63},"end":{"line":272,"column":65}}],"line":272},"13":{"loc":{"start":{"line":273,"column":20},"end":{"line":273,"column":69}},"type":"cond-expr","locations":[{"start":{"line":273,"column":42},"end":{"line":273,"column":64}},{"start":{"line":273,"column":67},"end":{"line":273,"column":69}}],"line":273},"14":{"loc":{"start":{"line":279,"column":28},"end":{"line":279,"column":66}},"type":"cond-expr","locations":[{"start":{"line":279,"column":46},"end":{"line":279,"column":61}},{"start":{"line":279,"column":64},"end":{"line":279,"column":66}}],"line":279},"15":{"loc":{"start":{"line":280,"column":26},"end":{"line":280,"column":64}},"type":"cond-expr","locations":[{"start":{"line":280,"column":44},"end":{"line":280,"column":59}},{"start":{"line":280,"column":62},"end":{"line":280,"column":64}}],"line":280},"16":{"loc":{"start":{"line":283,"column":17},"end":{"line":283,"column":42}},"type":"binary-expr","locations":[{"start":{"line":283,"column":17},"end":{"line":283,"column":34}},{"start":{"line":283,"column":38},"end":{"line":283,"column":42}}],"line":283},"17":{"loc":{"start":{"line":284,"column":17},"end":{"line":284,"column":44}},"type":"binary-expr","locations":[{"start":{"line":284,"column":17},"end":{"line":284,"column":36}},{"start":{"line":284,"column":40},"end":{"line":284,"column":44}}],"line":284},"18":{"loc":{"start":{"line":292,"column":11},"end":{"line":305,"column":11}},"type":"binary-expr","locations":[{"start":{"line":292,"column":11},"end":{"line":292,"column":21}},{"start":{"line":293,"column":12},"end":{"line":304,"column":28}}],"line":292}},"s":{"0":1,"1":11,"2":11,"3":11,"4":17,"5":11,"6":11,"7":11,"8":11,"9":11,"10":11,"11":11,"12":6,"13":6,"14":6,"15":6,"16":6,"17":6,"18":6,"19":5,"20":5,"21":5,"22":5,"23":5,"24":21,"25":5,"26":5,"27":0,"28":0,"29":11,"30":5,"31":5,"32":5,"33":15,"34":15,"35":15,"36":15,"37":15,"38":15,"39":0,"40":5,"41":11,"42":0,"43":0,"44":0,"45":0,"46":0,"47":0,"48":0,"49":0,"50":0,"51":0,"52":0,"53":11,"54":0,"55":11,"56":0,"57":0,"58":11,"59":6,"60":11,"61":20,"62":11,"63":6,"64":5,"65":1,"66":20,"67":20,"68":20,"69":20,"70":0},"f":{"0":11,"1":17,"2":6,"3":5,"4":21,"5":5,"6":0,"7":0,"8":0,"9":6,"10":20,"11":1,"12":20,"13":0},"b":{"0":[15,0],"1":[0,0],"2":[0,0],"3":[0,0],"4":[6,5],"5":[5,5],"6":[5,0],"7":[5,0],"8":[0,0],"9":[0,0],"10":[20,0],"11":[20,0,0],"12":[0,20],"13":[0,20],"14":[20,0],"15":[20,0],"16":[20,0],"17":[20,0],"18":[5,0]},"_coverageSchema":"1a1c01bbd47fc00a2c39e90264f33305004495a9","hash":"3bc71884043451521767f0e63c9a7504b07199c3"}
,"C:\\Users\\ZGMF_\\Documents\\cursos\\ebac\\pokememory-game\\src\\store\\store.js": {"path":"C:\\Users\\ZGMF_\\Documents\\cursos\\ebac\\pokememory-game\\src\\store\\store.js","statementMap":{"0":{"start":{"line":20,"column":22},"end":{"line":26,"column":1}},"1":{"start":{"line":29,"column":20},"end":{"line":33,"column":2}},"2":{"start":{"line":36,"column":25},"end":{"line":36,"column":67}},"3":{"start":{"line":39,"column":21},"end":{"line":47,"column":2}},"4":{"start":{"line":42,"column":4},"end":{"line":46,"column":6}},"5":{"start":{"line":50,"column":25},"end":{"line":50,"column":44}}},"fnMap":{"0":{"name":"(anonymous_0)","decl":{"start":{"line":41,"column":14},"end":{"line":41,"column":15}},"loc":{"start":{"line":42,"column":4},"end":{"line":46,"column":6}},"line":42}},"branchMap":{},"s":{"0":0,"1":0,"2":0,"3":0,"4":0,"5":0},"f":{"0":0},"b":{}}
,"C:\\Users\\ZGMF_\\Documents\\cursos\\ebac\\pokememory-game\\src\\store\\slices\\memoryGameSlice.js": {"path":"C:\\Users\\ZGMF_\\Documents\\cursos\\ebac\\pokememory-game\\src\\store\\slices\\memoryGameSlice.js","statementMap":{"0":{"start":{"line":3,"column":21},"end":{"line":13,"column":1}},"1":{"start":{"line":15,"column":24},"end":{"line":90,"column":2}},"2":{"start":{"line":21,"column":6},"end":{"line":21,"column":23}},"3":{"start":{"line":26,"column":6},"end":{"line":26,"column":34}},"4":{"start":{"line":31,"column":6},"end":{"line":31,"column":22}},"5":{"start":{"line":36,"column":6},"end":{"line":36,"column":26}},"6":{"start":{"line":37,"column":6},"end":{"line":37,"column":29}},"7":{"start":{"line":40,"column":6},"end":{"line":42,"column":7}},"8":{"start":{"line":41,"column":8},"end":{"line":41,"column":36}},"9":{"start":{"line":45,"column":6},"end":{"line":47,"column":7}},"10":{"start":{"line":46,"column":8},"end":{"line":46,"column":38}},"11":{"start":{"line":50,"column":6},"end":{"line":52,"column":8}},"12":{"start":{"line":53,"column":6},"end":{"line":55,"column":8}},"13":{"start":{"line":58,"column":6},"end":{"line":62,"column":9}},"14":{"start":{"line":65,"column":6},"end":{"line":67,"column":7}},"15":{"start":{"line":66,"column":8},"end":{"line":66,"column":28}},"16":{"start":{"line":72,"column":6},"end":{"line":72,"column":22}},"17":{"start":{"line":73,"column":6},"end":{"line":73,"column":21}},"18":{"start":{"line":78,"column":6},"end":{"line":78,"column":28}},"19":{"start":{"line":79,"column":6},"end":{"line":79,"column":25}},"20":{"start":{"line":80,"column":6},"end":{"line":80,"column":28}},"21":{"start":{"line":81,"column":6},"end":{"line":81,"column":29}},"22":{"start":{"line":82,"column":6},"end":{"line":82,"column":29}},"23":{"start":{"line":83,"column":6},"end":{"line":83,"column":28}},"24":{"start":{"line":84,"column":6},"end":{"line":84,"column":25}},"25":{"start":{"line":88,"column":20},"end":{"line":88,"column":32}},"26":{"start":{"line":100,"column":4},"end":{"line":100,"column":27}}},"fnMap":{"0":{"name":"(anonymous_0)","decl":{"start":{"line":20,"column":20},"end":{"line":20,"column":21}},"loc":{"start":{"line":20,"column":31},"end":{"line":22,"column":5}},"line":20},"1":{"name":"(anonymous_1)","decl":{"start":{"line":25,"column":13},"end":{"line":25,"column":14}},"loc":{"start":{"line":25,"column":32},"end":{"line":27,"column":5}},"line":25},"2":{"name":"(anonymous_2)","decl":{"start":{"line":30,"column":19},"end":{"line":30,"column":20}},"loc":{"start":{"line":30,"column":30},"end":{"line":32,"column":5}},"line":30},"3":{"name":"(anonymous_3)","decl":{"start":{"line":35,"column":13},"end":{"line":35,"column":14}},"loc":{"start":{"line":35,"column":24},"end":{"line":68,"column":5}},"line":35},"4":{"name":"(anonymous_4)","decl":{"start":{"line":71,"column":22},"end":{"line":71,"column":23}},"loc":{"start":{"line":71,"column":33},"end":{"line":74,"column":5}},"line":71},"5":{"name":"(anonymous_5)","decl":{"start":{"line":77,"column":16},"end":{"line":77,"column":17}},"loc":{"start":{"line":77,"column":27},"end":{"line":85,"column":5}},"line":77},"6":{"name":"(anonymous_6)","decl":{"start":{"line":88,"column":14},"end":{"line":88,"column":15}},"loc":{"start":{"line":88,"column":20},"end":{"line":88,"column":32}},"line":88}},"branchMap":{"0":{"loc":{"start":{"line":40,"column":6},"end":{"line":42,"column":7}},"type":"if","locations":[{"start":{"line":40,"column":6},"end":{"line":42,"column":7}},{"start":{},"end":{}}],"line":40},"1":{"loc":{"start":{"line":40,"column":10},"end":{"line":40,"column":64}},"type":"binary-expr","locations":[{"start":{"line":40,"column":10},"end":{"line":40,"column":33}},{"start":{"line":40,"column":37},"end":{"line":40,"column":64}}],"line":40},"2":{"loc":{"start":{"line":45,"column":6},"end":{"line":47,"column":7}},"type":"if","locations":[{"start":{"line":45,"column":6},"end":{"line":47,"column":7}},{"start":{},"end":{}}],"line":45},"3":{"loc":{"start":{"line":45,"column":10},"end":{"line":45,"column":67}},"type":"binary-expr","locations":[{"start":{"line":45,"column":10},"end":{"line":45,"column":34}},{"start":{"line":45,"column":38},"end":{"line":45,"column":67}}],"line":45},"4":{"loc":{"start":{"line":65,"column":6},"end":{"line":67,"column":7}},"type":"if","locations":[{"start":{"line":65,"column":6},"end":{"line":67,"column":7}},{"start":{},"end":{}}],"line":65}},"s":{"0":4,"1":4,"2":2,"3":1,"4":2,"5":32,"6":32,"7":32,"8":6,"9":32,"10":8,"11":32,"12":32,"13":32,"14":32,"15":5,"16":2,"17":2,"18":1,"19":1,"20":1,"21":1,"22":1,"23":1,"24":1,"25":1,"26":4},"f":{"0":2,"1":1,"2":2,"3":32,"4":2,"5":1,"6":1},"b":{"0":[6,26],"1":[32,27],"2":[8,24],"3":[32,27],"4":[5,27]},"_coverageSchema":"1a1c01bbd47fc00a2c39e90264f33305004495a9","hash":"219c675ac8a31c2c6c7758ad9577c8a8924ef2e0"}
,"C:\\Users\\ZGMF_\\Documents\\cursos\\ebac\\pokememory-game\\src\\store\\slices\\typeMatcherSlice.js": {"path":"C:\\Users\\ZGMF_\\Documents\\cursos\\ebac\\pokememory-game\\src\\store\\slices\\typeMatcherSlice.js","statementMap":{"0":{"start":{"line":3,"column":21},"end":{"line":10,"column":1}},"1":{"start":{"line":12,"column":25},"end":{"line":93,"column":2}},"2":{"start":{"line":18,"column":6},"end":{"line":18,"column":23}},"3":{"start":{"line":19,"column":6},"end":{"line":21,"column":7}},"4":{"start":{"line":20,"column":8},"end":{"line":20,"column":38}},"5":{"start":{"line":23,"column":6},"end":{"line":25,"column":12}},"6":{"start":{"line":30,"column":6},"end":{"line":30,"column":26}},"7":{"start":{"line":32,"column":6},"end":{"line":32,"column":72}},"8":{"start":{"line":37,"column":35},"end":{"line":37,"column":49}},"9":{"start":{"line":39,"column":6},"end":{"line":56,"column":9}},"10":{"start":{"line":40,"column":8},"end":{"line":46,"column":9}},"11":{"start":{"line":41,"column":10},"end":{"line":45,"column":12}},"12":{"start":{"line":48,"column":8},"end":{"line":48,"column":44}},"13":{"start":{"line":49,"column":8},"end":{"line":51,"column":9}},"14":{"start":{"line":50,"column":10},"end":{"line":50,"column":45}},"15":{"start":{"line":53,"column":8},"end":{"line":55,"column":10}},"16":{"start":{"line":61,"column":6},"end":{"line":67,"column":9}},"17":{"start":{"line":70,"column":6},"end":{"line":72,"column":7}},"18":{"start":{"line":71,"column":8},"end":{"line":71,"column":28}},"19":{"start":{"line":77,"column":6},"end":{"line":77,"column":22}},"20":{"start":{"line":78,"column":6},"end":{"line":78,"column":25}},"21":{"start":{"line":79,"column":6},"end":{"line":79,"column":25}},"22":{"start":{"line":85,"column":6},"end":{"line":85,"column":26}},"23":{"start":{"line":86,"column":6},"end":{"line":86,"column":27}},"24":{"start":{"line":87,"column":6},"end":{"line":87,"column":25}},"25":{"start":{"line":91,"column":20},"end":{"line":91,"column":32}},"26":{"start":{"line":103,"column":4},"end":{"line":103,"column":28}}},"fnMap":{"0":{"name":"(anonymous_0)","decl":{"start":{"line":17,"column":20},"end":{"line":17,"column":21}},"loc":{"start":{"line":17,"column":31},"end":{"line":26,"column":5}},"line":17},"1":{"name":"(anonymous_1)","decl":{"start":{"line":29,"column":23},"end":{"line":29,"column":24}},"loc":{"start":{"line":29,"column":34},"end":{"line":33,"column":5}},"line":29},"2":{"name":"(anonymous_2)","decl":{"start":{"line":36,"column":21},"end":{"line":36,"column":22}},"loc":{"start":{"line":36,"column":40},"end":{"line":57,"column":5}},"line":36},"3":{"name":"(anonymous_3)","decl":{"start":{"line":39,"column":20},"end":{"line":39,"column":21}},"loc":{"start":{"line":39,"column":28},"end":{"line":56,"column":7}},"line":39},"4":{"name":"(anonymous_4)","decl":{"start":{"line":60,"column":18},"end":{"line":60,"column":19}},"loc":{"start":{"line":60,"column":37},"end":{"line":73,"column":5}},"line":60},"5":{"name":"(anonymous_5)","decl":{"start":{"line":76,"column":15},"end":{"line":76,"column":16}},"loc":{"start":{"line":76,"column":26},"end":{"line":81,"column":5}},"line":76},"6":{"name":"(anonymous_6)","decl":{"start":{"line":84,"column":16},"end":{"line":84,"column":17}},"loc":{"start":{"line":84,"column":27},"end":{"line":88,"column":5}},"line":84},"7":{"name":"(anonymous_7)","decl":{"start":{"line":91,"column":14},"end":{"line":91,"column":15}},"loc":{"start":{"line":91,"column":20},"end":{"line":91,"column":32}},"line":91}},"branchMap":{"0":{"loc":{"start":{"line":19,"column":6},"end":{"line":21,"column":7}},"type":"if","locations":[{"start":{"line":19,"column":6},"end":{"line":21,"column":7}},{"start":{},"end":{}}],"line":19},"1":{"loc":{"start":{"line":23,"column":23},"end":{"line":25,"column":11}},"type":"cond-expr","locations":[{"start":{"line":24,"column":10},"end":{"line":24,"column":58}},{"start":{"line":25,"column":10},"end":{"line":25,"column":11}}],"line":23},"2":{"loc":{"start":{"line":40,"column":8},"end":{"line":46,"column":9}},"type":"if","locations":[{"start":{"line":40,"column":8},"end":{"line":46,"column":9}},{"start":{},"end":{}}],"line":40},"3":{"loc":{"start":{"line":49,"column":8},"end":{"line":51,"column":9}},"type":"if","locations":[{"start":{"line":49,"column":8},"end":{"line":51,"column":9}},{"start":{},"end":{}}],"line":49},"4":{"loc":{"start":{"line":70,"column":6},"end":{"line":72,"column":7}},"type":"if","locations":[{"start":{"line":70,"column":6},"end":{"line":72,"column":7}},{"start":{},"end":{}}],"line":70}},"s":{"0":4,"1":4,"2":4,"3":4,"4":3,"5":4,"6":2,"7":2,"8":4,"9":4,"10":5,"11":3,"12":5,"13":5,"14":4,"15":5,"16":28,"17":28,"18":5,"19":2,"20":2,"21":2,"22":1,"23":1,"24":1,"25":1,"26":4},"f":{"0":4,"1":2,"2":4,"3":5,"4":28,"5":2,"6":1,"7":1},"b":{"0":[3,1],"1":[4,0],"2":[3,2],"3":[4,1],"4":[5,23]},"_coverageSchema":"1a1c01bbd47fc00a2c39e90264f33305004495a9","hash":"d7382520d1fec50623cd9002e2effdb2e329f0c9"}
,"C:\\Users\\ZGMF_\\Documents\\cursos\\ebac\\pokememory-game\\src\\store\\slices\\whosThatPokemonSlice.js": {"path":"C:\\Users\\ZGMF_\\Documents\\cursos\\ebac\\pokememory-game\\src\\store\\slices\\whosThatPokemonSlice.js","statementMap":{"0":{"start":{"line":3,"column":21},"end":{"line":9,"column":1}},"1":{"start":{"line":11,"column":29},"end":{"line":58,"column":2}},"2":{"start":{"line":17,"column":6},"end":{"line":17,"column":23}},"3":{"start":{"line":18,"column":6},"end":{"line":18,"column":24}},"4":{"start":{"line":19,"column":6},"end":{"line":21,"column":7}},"5":{"start":{"line":20,"column":8},"end":{"line":20,"column":40}},"6":{"start":{"line":26,"column":6},"end":{"line":26,"column":23}},"7":{"start":{"line":31,"column":6},"end":{"line":31,"column":29}},"8":{"start":{"line":36,"column":6},"end":{"line":40,"column":9}},"9":{"start":{"line":42,"column":6},"end":{"line":44,"column":7}},"10":{"start":{"line":43,"column":8},"end":{"line":43,"column":28}},"11":{"start":{"line":49,"column":6},"end":{"line":49,"column":22}},"12":{"start":{"line":50,"column":6},"end":{"line":50,"column":28}},"13":{"start":{"line":51,"column":6},"end":{"line":51,"column":23}},"14":{"start":{"line":56,"column":20},"end":{"line":56,"column":32}},"15":{"start":{"line":67,"column":4},"end":{"line":67,"column":32}}},"fnMap":{"0":{"name":"(anonymous_0)","decl":{"start":{"line":16,"column":20},"end":{"line":16,"column":21}},"loc":{"start":{"line":16,"column":31},"end":{"line":22,"column":5}},"line":16},"1":{"name":"(anonymous_1)","decl":{"start":{"line":25,"column":17},"end":{"line":25,"column":18}},"loc":{"start":{"line":25,"column":28},"end":{"line":27,"column":5}},"line":25},"2":{"name":"(anonymous_2)","decl":{"start":{"line":30,"column":26},"end":{"line":30,"column":27}},"loc":{"start":{"line":30,"column":37},"end":{"line":32,"column":5}},"line":30},"3":{"name":"(anonymous_3)","decl":{"start":{"line":35,"column":18},"end":{"line":35,"column":19}},"loc":{"start":{"line":35,"column":37},"end":{"line":45,"column":5}},"line":35},"4":{"name":"(anonymous_4)","decl":{"start":{"line":48,"column":15},"end":{"line":48,"column":16}},"loc":{"start":{"line":48,"column":26},"end":{"line":53,"column":5}},"line":48},"5":{"name":"(anonymous_5)","decl":{"start":{"line":56,"column":14},"end":{"line":56,"column":15}},"loc":{"start":{"line":56,"column":20},"end":{"line":56,"column":32}},"line":56}},"branchMap":{"0":{"loc":{"start":{"line":19,"column":6},"end":{"line":21,"column":7}},"type":"if","locations":[{"start":{"line":19,"column":6},"end":{"line":21,"column":7}},{"start":{},"end":{}}],"line":19},"1":{"loc":{"start":{"line":42,"column":6},"end":{"line":44,"column":7}},"type":"if","locations":[{"start":{"line":42,"column":6},"end":{"line":44,"column":7}},{"start":{},"end":{}}],"line":42}},"s":{"0":4,"1":4,"2":4,"3":4,"4":4,"5":3,"6":2,"7":2,"8":28,"9":28,"10":5,"11":1,"12":1,"13":1,"14":1,"15":4},"f":{"0":4,"1":2,"2":2,"3":28,"4":1,"5":1},"b":{"0":[3,1],"1":[5,23]},"_coverageSchema":"1a1c01bbd47fc00a2c39e90264f33305004495a9","hash":"07a1b14ec6b23d4c57625eb5f806b0143580c3fb"}
}
