TN:
SF:src\App.jsx
FN:8,App
FNF:1
FNH:0
FNDA:0,App
DA:9,0
DA:10,0
DA:12,0
LF:3
LH:0
BRDA:14,0,0,0
BRDA:14,0,1,0
BRF:2
BRH:0
end_of_record
TN:
SF:src\test-utils.jsx
FN:10,createTestStore
FN:22,renderWithProviders
FN:30,Wrapper
FNF:3
FNH:3
FNDA:30,createTestStore
FNDA:30,renderWithProviders
FNDA:30,Wrapper
DA:11,30
DA:31,30
DA:39,30
LF:3
LH:3
BRDA:10,0,0,0
BRDA:24,1,0,22
BRDA:25,2,0,22
BRDA:26,3,0,30
BRF:4
BRH:3
end_of_record
TN:
SF:src\components\Card\Card.jsx
FN:3,(anonymous_0)
FNF:1
FNH:1
FNDA:120,(anonymous_0)
DA:3,2
DA:4,120
LF:2
LH:2
BRDA:6,0,0,1
BRDA:6,0,1,119
BRDA:6,1,0,1
BRDA:6,1,1,119
BRDA:10,2,0,120
BRDA:10,2,1,1
BRDA:27,3,0,118
BRDA:27,3,1,2
BRDA:36,4,0,120
BRDA:36,4,1,119
BRF:10
BRH:10
end_of_record
TN:
SF:src\components\GameBoard\GameBoard.jsx
FN:4,(anonymous_0)
FN:5,(anonymous_1)
FN:14,(anonymous_2)
FN:20,(anonymous_3)
FNF:4
FNH:4
FNDA:20,(anonymous_0)
FNDA:4,(anonymous_1)
FNDA:144,(anonymous_2)
FNDA:4,(anonymous_3)
DA:4,2
DA:5,20
DA:6,4
DA:7,3
DA:11,20
DA:15,144
DA:20,4
LF:7
LH:7
BRDA:4,0,0,2
BRDA:6,1,0,3
BRDA:6,1,1,1
BRF:3
BRH:3
end_of_record
TN:
SF:src\components\GameInfo\GameInfo.jsx
FN:4,(anonymous_0)
FNF:1
FNH:1
FNDA:17,(anonymous_0)
DA:4,2
DA:5,17
LF:2
LH:2
BRDA:4,0,0,6
BRDA:4,1,0,6
BRF:2
BRH:2
end_of_record
TN:
SF:src\components\GameOptions\GameOptions.jsx
FN:5,(anonymous_0)
FN:41,(anonymous_1)
FN:60,(anonymous_2)
FNF:3
FNH:3
FNDA:15,(anonymous_0)
FNDA:45,(anonymous_1)
FNDA:3,(anonymous_2)
DA:5,1
DA:6,15
DA:7,15
DA:37,15
DA:42,45
DA:43,45
DA:60,3
LF:7
LH:7
BRF:0
BRH:0
end_of_record
TN:
SF:src\components\Header\Header.jsx
FN:5,(anonymous_0)
FN:17,(anonymous_1)
FNF:2
FNH:2
FNDA:19,(anonymous_0)
FNDA:2,(anonymous_1)
DA:5,1
DA:6,19
DA:7,19
DA:8,19
DA:10,19
DA:17,2
LF:6
LH:6
BRDA:14,0,0,19
BRDA:14,0,1,9
BRF:2
BRH:2
end_of_record
TN:
SF:src\components\MemoryGame\MemoryGame.jsx
FN:18,(anonymous_0)
FN:24,(anonymous_1)
FN:37,(anonymous_2)
FN:44,(anonymous_3)
FN:47,(anonymous_4)
FN:51,(anonymous_5)
FN:55,(anonymous_6)
FN:76,(anonymous_7)
FN:91,(anonymous_8)
FN:101,(anonymous_9)
FN:106,(anonymous_10)
FN:115,(anonymous_11)
FN:116,(anonymous_12)
FN:132,(anonymous_13)
FN:134,(anonymous_14)
FN:135,(anonymous_15)
FN:139,(anonymous_16)
FN:140,(anonymous_17)
FN:141,(anonymous_18)
FN:147,(anonymous_19)
FN:152,(anonymous_20)
FN:153,(anonymous_21)
FN:154,(anonymous_22)
FN:166,(anonymous_23)
FN:172,(anonymous_24)
FN:177,(anonymous_25)
FN:189,(anonymous_26)
FN:217,(anonymous_27)
FN:307,(anonymous_28)
FNF:29
FNH:12
FNDA:21,(anonymous_0)
FNDA:32,(anonymous_1)
FNDA:9,(anonymous_2)
FNDA:11,(anonymous_3)
FNDA:0,(anonymous_4)
FNDA:11,(anonymous_5)
FNDA:12,(anonymous_6)
FNDA:66,(anonymous_7)
FNDA:121,(anonymous_8)
FNDA:0,(anonymous_9)
FNDA:0,(anonymous_10)
FNDA:0,(anonymous_11)
FNDA:0,(anonymous_12)
FNDA:0,(anonymous_13)
FNDA:0,(anonymous_14)
FNDA:0,(anonymous_15)
FNDA:0,(anonymous_16)
FNDA:0,(anonymous_17)
FNDA:0,(anonymous_18)
FNDA:0,(anonymous_19)
FNDA:0,(anonymous_20)
FNDA:0,(anonymous_21)
FNDA:0,(anonymous_22)
FNDA:21,(anonymous_23)
FNDA:0,(anonymous_24)
FNDA:1,(anonymous_25)
FNDA:11,(anonymous_26)
FNDA:1,(anonymous_27)
FNDA:0,(anonymous_28)
DA:18,1
DA:19,21
DA:20,21
DA:23,21
DA:24,32
DA:28,21
DA:29,21
DA:30,21
DA:31,21
DA:32,21
DA:33,21
DA:34,21
DA:37,21
DA:38,9
DA:39,9
DA:40,9
DA:44,21
DA:46,11
DA:47,0
DA:48,0
DA:51,11
DA:55,21
DA:56,12
DA:57,12
DA:58,12
DA:59,12
DA:60,12
DA:63,12
DA:64,72
DA:65,72
DA:66,72
DA:67,72
DA:73,12
DA:76,11
DA:77,66
DA:84,66
DA:91,121
DA:92,11
DA:93,11
DA:95,0
DA:96,0
DA:101,21
DA:103,0
DA:106,0
DA:107,0
DA:110,0
DA:111,0
DA:115,0
DA:116,0
DA:117,0
DA:121,0
DA:122,0
DA:125,0
DA:126,0
DA:127,0
DA:132,21
DA:133,0
DA:134,0
DA:135,0
DA:137,0
DA:139,0
DA:140,0
DA:141,0
DA:142,0
DA:147,0
DA:148,0
DA:152,0
DA:153,0
DA:154,0
DA:155,0
DA:160,0
DA:166,21
DA:167,21
DA:168,0
DA:169,0
DA:170,0
DA:171,0
DA:172,0
DA:177,21
DA:178,1
DA:179,1
DA:180,1
DA:181,1
DA:182,1
DA:183,1
DA:184,1
DA:185,1
DA:189,21
DA:190,11
DA:193,21
DA:194,12
DA:210,9
DA:217,1
DA:307,0
LF:94
LH:56
BRDA:46,0,0,0
BRDA:46,0,1,11
BRDA:46,1,0,11
BRDA:46,1,1,0
BRDA:65,2,0,72
BRDA:65,2,1,0
BRDA:103,3,0,0
BRDA:103,3,1,0
BRDA:103,4,0,0
BRDA:103,4,1,0
BRDA:107,5,0,0
BRDA:107,5,1,0
BRDA:107,6,0,0
BRDA:107,6,1,0
BRDA:107,6,2,0
BRDA:110,7,0,0
BRDA:110,7,1,0
BRDA:117,8,0,0
BRDA:117,8,1,0
BRDA:125,9,0,0
BRDA:125,9,1,0
BRDA:137,10,0,0
BRDA:137,10,1,0
BRDA:142,11,0,0
BRDA:142,11,1,0
BRDA:142,12,0,0
BRDA:142,12,1,0
BRDA:155,13,0,0
BRDA:155,13,1,0
BRDA:155,14,0,0
BRDA:155,14,1,0
BRDA:167,15,0,0
BRDA:167,15,1,21
BRDA:167,16,0,21
BRDA:167,16,1,9
BRDA:193,17,0,12
BRDA:193,17,1,9
BRDA:212,18,0,9
BRDA:212,18,1,0
BRDA:268,19,0,9
BRDA:268,19,1,0
BRDA:286,20,0,0
BRDA:286,20,1,0
BRDA:286,20,2,0
BRDA:293,21,0,0
BRDA:293,21,1,0
BRDA:293,21,2,0
BRF:47
BRH:10
end_of_record
TN:
SF:src\components\TypeMatcher\TypeMatcher.jsx
FN:39,(anonymous_0)
FN:45,(anonymous_1)
FN:58,(anonymous_2)
FN:72,(anonymous_3)
FN:84,(anonymous_4)
FN:90,(anonymous_5)
FN:96,(anonymous_6)
FN:114,(anonymous_7)
FN:118,(anonymous_8)
FN:122,(anonymous_9)
FN:123,(anonymous_10)
FN:132,(anonymous_11)
FN:150,(anonymous_12)
FN:165,(anonymous_13)
FN:170,(anonymous_14)
FN:176,(anonymous_15)
FN:181,(anonymous_16)
FN:182,(anonymous_17)
FN:186,(anonymous_18)
FN:214,(anonymous_19)
FN:298,(anonymous_20)
FN:305,(anonymous_21)
FN:317,(anonymous_22)
FN:382,(anonymous_23)
FN:406,(anonymous_24)
FN:415,(anonymous_25)
FNF:26
FNH:11
FNDA:41,(anonymous_0)
FNDA:54,(anonymous_1)
FNDA:14,(anonymous_2)
FNDA:26,(anonymous_3)
FNDA:0,(anonymous_4)
FNDA:0,(anonymous_5)
FNDA:0,(anonymous_6)
FNDA:0,(anonymous_7)
FNDA:0,(anonymous_8)
FNDA:1,(anonymous_9)
FNDA:0,(anonymous_10)
FNDA:0,(anonymous_11)
FNDA:0,(anonymous_12)
FNDA:0,(anonymous_13)
FNDA:1,(anonymous_14)
FNDA:266,(anonymous_15)
FNDA:0,(anonymous_16)
FNDA:0,(anonymous_17)
FNDA:13,(anonymous_18)
FNDA:1,(anonymous_19)
FNDA:28,(anonymous_20)
FNDA:0,(anonymous_21)
FNDA:0,(anonymous_22)
FNDA:0,(anonymous_23)
FNDA:252,(anonymous_24)
FNDA:0,(anonymous_25)
DA:18,1
DA:39,1
DA:40,41
DA:41,41
DA:44,41
DA:45,54
DA:49,41
DA:50,41
DA:51,41
DA:52,41
DA:53,41
DA:54,41
DA:55,41
DA:58,41
DA:59,14
DA:60,14
DA:61,14
DA:62,14
DA:64,14
DA:65,14
DA:66,14
DA:68,13
DA:72,26
DA:75,13
DA:76,13
DA:78,0
DA:79,0
DA:84,41
DA:85,0
DA:86,0
DA:90,41
DA:91,0
DA:92,0
DA:96,41
DA:97,0
DA:99,0
DA:102,0
DA:103,0
DA:107,0
DA:108,0
DA:109,0
DA:110,0
DA:114,41
DA:115,0
DA:116,0
DA:117,0
DA:118,0
DA:122,41
DA:123,1
DA:124,1
DA:125,1
DA:128,0
DA:129,0
DA:132,0
DA:133,0
DA:136,0
DA:138,0
DA:139,0
DA:140,0
DA:141,0
DA:148,0
DA:149,0
DA:150,0
DA:152,0
DA:153,0
DA:160,0
DA:165,41
DA:166,0
DA:170,41
DA:171,1
DA:172,1
DA:176,41
DA:177,266
DA:181,41
DA:182,0
DA:186,41
DA:187,13
DA:190,41
DA:191,27
DA:207,14
DA:214,1
DA:299,28
DA:305,0
DA:317,0
DA:383,0
DA:384,0
DA:407,252
DA:415,0
LF:88
LH:48
BRDA:99,0,0,0
BRDA:99,0,1,0
BRDA:99,1,0,0
BRDA:99,1,1,0
BRDA:102,2,0,0
BRDA:102,2,1,0
BRDA:102,3,0,0
BRDA:102,3,1,0
BRDA:115,4,0,0
BRDA:115,4,1,0
BRDA:123,5,0,1
BRDA:123,5,1,0
BRDA:136,6,0,0
BRDA:136,6,1,0
BRDA:138,7,0,0
BRDA:138,7,1,0
BRDA:190,8,0,27
BRDA:190,8,1,14
BRDA:209,9,0,14
BRDA:209,9,1,0
BRDA:302,10,0,0
BRDA:302,10,1,28
BRDA:303,11,0,0
BRDA:303,11,1,28
BRDA:303,12,0,28
BRDA:303,12,1,0
BRDA:303,13,0,0
BRDA:303,13,1,28
BRDA:303,14,0,28
BRDA:303,14,1,0
BRDA:303,14,2,0
BRDA:310,15,0,0
BRDA:310,15,1,28
BRDA:320,16,0,0
BRDA:320,16,1,0
BRDA:321,17,0,0
BRDA:321,17,1,0
BRDA:321,17,2,0
BRDA:336,18,0,14
BRDA:336,18,1,1
BRDA:350,19,0,14
BRDA:350,19,1,0
BRDA:374,20,0,14
BRDA:374,20,1,0
BRDA:416,21,0,252
BRDA:416,21,1,0
BRDA:417,22,0,252
BRDA:417,22,1,0
BRF:48
BRH:16
end_of_record
TN:
SF:src\components\WhosThatPokemon\WhosThatPokemon.jsx
FN:16,(anonymous_0)
FN:22,(anonymous_1)
FN:34,(anonymous_2)
FN:49,(anonymous_3)
FN:61,(anonymous_4)
FN:72,(anonymous_5)
FN:97,(anonymous_6)
FN:125,(anonymous_7)
FN:130,(anonymous_8)
FN:136,(anonymous_9)
FN:141,(anonymous_10)
FN:167,(anonymous_11)
FN:263,(anonymous_12)
FN:274,(anonymous_13)
FNF:14
FNH:10
FNDA:11,(anonymous_0)
FNDA:17,(anonymous_1)
FNDA:6,(anonymous_2)
FNDA:5,(anonymous_3)
FNDA:21,(anonymous_4)
FNDA:5,(anonymous_5)
FNDA:0,(anonymous_6)
FNDA:0,(anonymous_7)
FNDA:0,(anonymous_8)
FNDA:6,(anonymous_9)
FNDA:20,(anonymous_10)
FNDA:1,(anonymous_11)
FNDA:20,(anonymous_12)
FNDA:0,(anonymous_13)
DA:16,1
DA:17,11
DA:18,11
DA:21,11
DA:22,17
DA:26,11
DA:27,11
DA:28,11
DA:29,11
DA:30,11
DA:31,11
DA:34,11
DA:35,6
DA:36,6
DA:37,6
DA:38,6
DA:40,6
DA:42,6
DA:43,6
DA:45,5
DA:49,5
DA:52,5
DA:55,5
DA:58,5
DA:61,21
DA:63,5
DA:64,5
DA:66,0
DA:67,0
DA:72,11
DA:73,5
DA:74,5
DA:76,5
DA:77,15
DA:79,15
DA:80,15
DA:81,15
DA:82,15
DA:83,15
DA:88,0
DA:93,5
DA:97,11
DA:98,0
DA:100,0
DA:101,0
DA:102,0
DA:105,0
DA:107,0
DA:108,0
DA:109,0
DA:115,0
DA:116,0
DA:125,11
DA:126,0
DA:130,11
DA:131,0
DA:132,0
DA:136,11
DA:137,6
DA:141,11
DA:142,20
DA:145,11
DA:146,6
DA:162,5
DA:167,1
DA:264,20
DA:265,20
DA:266,20
DA:268,20
DA:274,0
LF:70
LH:53
BRDA:79,0,0,15
BRDA:79,0,1,0
BRDA:98,1,0,0
BRDA:98,1,1,0
BRDA:98,2,0,0
BRDA:98,2,1,0
BRDA:107,3,0,0
BRDA:107,3,1,0
BRDA:145,4,0,6
BRDA:145,4,1,5
BRDA:228,5,0,5
BRDA:228,5,1,5
BRDA:233,6,0,5
BRDA:233,6,1,0
BRDA:248,7,0,5
BRDA:248,7,1,0
BRDA:250,8,0,0
BRDA:250,8,1,0
BRDA:256,9,0,0
BRDA:256,9,1,0
BRDA:265,10,0,20
BRDA:265,10,1,0
BRDA:266,11,0,20
BRDA:266,11,1,0
BRDA:266,11,2,0
BRDA:272,12,0,0
BRDA:272,12,1,20
BRDA:273,13,0,0
BRDA:273,13,1,20
BRDA:279,14,0,20
BRDA:279,14,1,0
BRDA:280,15,0,20
BRDA:280,15,1,0
BRDA:283,16,0,20
BRDA:283,16,1,0
BRDA:284,17,0,20
BRDA:284,17,1,0
BRDA:292,18,0,5
BRDA:292,18,1,0
BRF:39
BRH:16
end_of_record
TN:
SF:src\store\store.js
FN:41,(anonymous_0)
FNF:1
FNH:0
FNDA:0,(anonymous_0)
DA:20,0
DA:29,0
DA:36,0
DA:39,0
DA:42,0
DA:50,0
LF:6
LH:0
BRF:0
BRH:0
end_of_record
TN:
SF:src\store\slices\memoryGameSlice.js
FN:20,(anonymous_0)
FN:25,(anonymous_1)
FN:30,(anonymous_2)
FN:35,(anonymous_3)
FN:71,(anonymous_4)
FN:77,(anonymous_5)
FN:88,(anonymous_6)
FNF:7
FNH:7
FNDA:2,(anonymous_0)
FNDA:1,(anonymous_1)
FNDA:2,(anonymous_2)
FNDA:32,(anonymous_3)
FNDA:2,(anonymous_4)
FNDA:1,(anonymous_5)
FNDA:1,(anonymous_6)
DA:3,4
DA:15,4
DA:21,2
DA:26,1
DA:31,2
DA:36,32
DA:37,32
DA:40,32
DA:41,6
DA:45,32
DA:46,8
DA:50,32
DA:53,32
DA:58,32
DA:65,32
DA:66,5
DA:72,2
DA:73,2
DA:78,1
DA:79,1
DA:80,1
DA:81,1
DA:82,1
DA:83,1
DA:84,1
DA:88,1
DA:100,4
LF:27
LH:27
BRDA:40,0,0,6
BRDA:40,0,1,26
BRDA:40,1,0,32
BRDA:40,1,1,27
BRDA:45,2,0,8
BRDA:45,2,1,24
BRDA:45,3,0,32
BRDA:45,3,1,27
BRDA:65,4,0,5
BRDA:65,4,1,27
BRF:10
BRH:10
end_of_record
TN:
SF:src\store\slices\typeMatcherSlice.js
FN:17,(anonymous_0)
FN:29,(anonymous_1)
FN:36,(anonymous_2)
FN:39,(anonymous_3)
FN:60,(anonymous_4)
FN:76,(anonymous_5)
FN:84,(anonymous_6)
FN:91,(anonymous_7)
FNF:8
FNH:8
FNDA:4,(anonymous_0)
FNDA:2,(anonymous_1)
FNDA:4,(anonymous_2)
FNDA:5,(anonymous_3)
FNDA:28,(anonymous_4)
FNDA:2,(anonymous_5)
FNDA:1,(anonymous_6)
FNDA:1,(anonymous_7)
DA:3,4
DA:12,4
DA:18,4
DA:19,4
DA:20,3
DA:23,4
DA:30,2
DA:32,2
DA:37,4
DA:39,4
DA:40,5
DA:41,3
DA:48,5
DA:49,5
DA:50,4
DA:53,5
DA:61,28
DA:70,28
DA:71,5
DA:77,2
DA:78,2
DA:79,2
DA:85,1
DA:86,1
DA:87,1
DA:91,1
DA:103,4
LF:27
LH:27
BRDA:19,0,0,3
BRDA:19,0,1,1
BRDA:23,1,0,4
BRDA:23,1,1,0
BRDA:40,2,0,3
BRDA:40,2,1,2
BRDA:49,3,0,4
BRDA:49,3,1,1
BRDA:70,4,0,5
BRDA:70,4,1,23
BRF:10
BRH:9
end_of_record
TN:
SF:src\store\slices\whosThatPokemonSlice.js
FN:16,(anonymous_0)
FN:25,(anonymous_1)
FN:30,(anonymous_2)
FN:35,(anonymous_3)
FN:48,(anonymous_4)
FN:56,(anonymous_5)
FNF:6
FNH:6
FNDA:4,(anonymous_0)
FNDA:2,(anonymous_1)
FNDA:2,(anonymous_2)
FNDA:28,(anonymous_3)
FNDA:1,(anonymous_4)
FNDA:1,(anonymous_5)
DA:3,4
DA:11,4
DA:17,4
DA:18,4
DA:19,4
DA:20,3
DA:26,2
DA:31,2
DA:36,28
DA:42,28
DA:43,5
DA:49,1
DA:50,1
DA:51,1
DA:56,1
DA:67,4
LF:16
LH:16
BRDA:19,0,0,3
BRDA:19,0,1,1
BRDA:42,1,0,5
BRDA:42,1,1,23
BRF:4
BRH:4
end_of_record
